d{yyyy-MM-dd} === [restartedMain] === INFO  === com.charlie.ApplicationPayment === No active profile set, falling back to default profiles: default
d{yyyy-MM-dd} === [restartedMain] === INFO  === o.springframework.cloud.context.scope.GenericScope === BeanFactory id=c8dc6353-3cf8-33d3-952a-475e86f35b73
d{yyyy-MM-dd} === [restartedMain] === INFO  === o.s.c.s.PostProcessorRegistrationDelegate$BeanPostProcessorChecker === Bean 'org.springframework.cloud.autoconfigure.ConfigurationPropertiesRebinderAutoConfiguration' of type [org.springframework.cloud.autoconfigure.ConfigurationPropertiesRebinderAutoConfiguration$$EnhancerBySpringCGLIB$$b23c2dcb] is not eligible for getting processed by all BeanPostProcessors (for example: not eligible for auto-proxying)
d{yyyy-MM-dd} === [restartedMain] === WARN  === com.netflix.config.sources.URLConfigurationSource === No URLs will be polled as dynamic configuration sources.
d{yyyy-MM-dd} === [restartedMain] === INFO  === com.netflix.config.sources.URLConfigurationSource === To enable URLs as dynamic configuration sources, define System property archaius.configurationSource.additionalUrls or make config.properties available on classpath.
d{yyyy-MM-dd} === [restartedMain] === WARN  === com.netflix.config.sources.URLConfigurationSource === No URLs will be polled as dynamic configuration sources.
d{yyyy-MM-dd} === [restartedMain] === INFO  === com.netflix.config.sources.URLConfigurationSource === To enable URLs as dynamic configuration sources, define System property archaius.configurationSource.additionalUrls or make config.properties available on classpath.
d{yyyy-MM-dd} === [restartedMain] === WARN  === o.s.b.a.t.ThymeleafAutoConfiguration$DefaultTemplateResolverConfiguration === Cannot find template location: classpath:/templates/ (please add some templates or check your Thymeleaf configuration)
d{yyyy-MM-dd} === [restartedMain] === WARN  === o.s.b.d.autoconfigure.OptionalLiveReloadServer === Unable to start LiveReload server
d{yyyy-MM-dd} === [restartedMain] === INFO  === o.s.cloud.netflix.eureka.InstanceInfoFactory === Setting initial instance status as: STARTING
d{yyyy-MM-dd} === [restartedMain] === INFO  === com.netflix.discovery.DiscoveryClient === Initializing Eureka in region us-east-1
d{yyyy-MM-dd} === [restartedMain] === INFO  === c.n.discovery.provider.DiscoveryJerseyProvider === Using JSON encoding codec LegacyJacksonJson
d{yyyy-MM-dd} === [restartedMain] === INFO  === c.n.discovery.provider.DiscoveryJerseyProvider === Using JSON decoding codec LegacyJacksonJson
d{yyyy-MM-dd} === [restartedMain] === INFO  === c.n.discovery.provider.DiscoveryJerseyProvider === Using XML encoding codec XStreamXml
d{yyyy-MM-dd} === [restartedMain] === INFO  === c.n.discovery.provider.DiscoveryJerseyProvider === Using XML decoding codec XStreamXml
d{yyyy-MM-dd} === [restartedMain] === INFO  === c.n.d.shared.resolver.aws.ConfigClusterResolver === Resolving eureka endpoints via configuration
d{yyyy-MM-dd} === [restartedMain] === INFO  === com.netflix.discovery.DiscoveryClient === Disable delta property : false
d{yyyy-MM-dd} === [restartedMain] === INFO  === com.netflix.discovery.DiscoveryClient === Single vip registry refresh property : null
d{yyyy-MM-dd} === [restartedMain] === INFO  === com.netflix.discovery.DiscoveryClient === Force full registry fetch : false
d{yyyy-MM-dd} === [restartedMain] === INFO  === com.netflix.discovery.DiscoveryClient === Application is null : false
d{yyyy-MM-dd} === [restartedMain] === INFO  === com.netflix.discovery.DiscoveryClient === Registered Applications size is zero : true
d{yyyy-MM-dd} === [restartedMain] === INFO  === com.netflix.discovery.DiscoveryClient === Application version is -1: true
d{yyyy-MM-dd} === [restartedMain] === INFO  === com.netflix.discovery.DiscoveryClient === Getting all instance registry info from the eureka server
d{yyyy-MM-dd} === [restartedMain] === INFO  === com.netflix.discovery.DiscoveryClient === The response status is 200
d{yyyy-MM-dd} === [restartedMain] === INFO  === com.netflix.discovery.DiscoveryClient === Starting heartbeat executor: renew interval is: 30
d{yyyy-MM-dd} === [restartedMain] === INFO  === com.netflix.discovery.InstanceInfoReplicator === InstanceInfoReplicator onDemand update allowed rate per min is 4
d{yyyy-MM-dd} === [restartedMain] === INFO  === com.netflix.discovery.DiscoveryClient === Discovery Client initialized at timestamp 1581000601251 with initial instances count: 0
d{yyyy-MM-dd} === [restartedMain] === INFO  === o.s.c.n.e.serviceregistry.EurekaServiceRegistry === Registering application GULI-PAYMENT with eureka with status UP
d{yyyy-MM-dd} === [restartedMain] === INFO  === com.netflix.discovery.DiscoveryClient === Saw local status change event StatusChangeEvent [timestamp=1581000601253, current=UP, previous=STARTING]
d{yyyy-MM-dd} === [DiscoveryClient-InstanceInfoReplicator-0] === INFO  === com.netflix.discovery.DiscoveryClient === DiscoveryClient_GULI-PAYMENT/page-8001: registering service...
d{yyyy-MM-dd} === [restartedMain] === INFO  === com.charlie.ApplicationPayment === Started ApplicationPayment in 2.637 seconds (JVM running for 3.15)
d{yyyy-MM-dd} === [Thread-9] === INFO  === o.s.c.n.e.serviceregistry.EurekaServiceRegistry === Unregistering application GULI-PAYMENT with eureka with status DOWN
d{yyyy-MM-dd} === [Thread-9] === WARN  === com.netflix.discovery.DiscoveryClient === Saw local status change event StatusChangeEvent [timestamp=1581000601268, current=DOWN, previous=UP]
d{yyyy-MM-dd} === [Thread-9] === INFO  === com.netflix.discovery.DiscoveryClient === Shutting down DiscoveryClient ...
d{yyyy-MM-dd} === [DiscoveryClient-InstanceInfoReplicator-0] === INFO  === com.netflix.discovery.DiscoveryClient === DiscoveryClient_GULI-PAYMENT/page-8001 - registration status: 204
d{yyyy-MM-dd} === [DiscoveryClient-InstanceInfoReplicator-0] === INFO  === com.netflix.discovery.DiscoveryClient === DiscoveryClient_GULI-PAYMENT/page-8001: registering service...
d{yyyy-MM-dd} === [DiscoveryClient-InstanceInfoReplicator-0] === INFO  === com.netflix.discovery.DiscoveryClient === DiscoveryClient_GULI-PAYMENT/page-8001 - registration status: 204
d{yyyy-MM-dd} === [Thread-9] === INFO  === com.netflix.discovery.DiscoveryClient === Unregistering ...
d{yyyy-MM-dd} === [Thread-9] === INFO  === com.netflix.discovery.DiscoveryClient === DiscoveryClient_GULI-PAYMENT/page-8001 - deregister  status: 200
d{yyyy-MM-dd} === [Thread-9] === INFO  === com.netflix.discovery.DiscoveryClient === Completed shut down of DiscoveryClient
d{yyyy-MM-dd} === [restartedMain] === INFO  === com.charlie.ApplicationPayment === No active profile set, falling back to default profiles: default
d{yyyy-MM-dd} === [restartedMain] === INFO  === o.springframework.cloud.context.scope.GenericScope === BeanFactory id=78a703e9-2710-3baf-a758-880dae922c1d
d{yyyy-MM-dd} === [restartedMain] === INFO  === o.s.c.s.PostProcessorRegistrationDelegate$BeanPostProcessorChecker === Bean 'org.springframework.cloud.autoconfigure.ConfigurationPropertiesRebinderAutoConfiguration' of type [org.springframework.cloud.autoconfigure.ConfigurationPropertiesRebinderAutoConfiguration$$EnhancerBySpringCGLIB$$6be4fc42] is not eligible for getting processed by all BeanPostProcessors (for example: not eligible for auto-proxying)
d{yyyy-MM-dd} === [restartedMain] === WARN  === com.netflix.config.sources.URLConfigurationSource === No URLs will be polled as dynamic configuration sources.
d{yyyy-MM-dd} === [restartedMain] === INFO  === com.netflix.config.sources.URLConfigurationSource === To enable URLs as dynamic configuration sources, define System property archaius.configurationSource.additionalUrls or make config.properties available on classpath.
d{yyyy-MM-dd} === [restartedMain] === WARN  === com.netflix.config.sources.URLConfigurationSource === No URLs will be polled as dynamic configuration sources.
d{yyyy-MM-dd} === [restartedMain] === INFO  === com.netflix.config.sources.URLConfigurationSource === To enable URLs as dynamic configuration sources, define System property archaius.configurationSource.additionalUrls or make config.properties available on classpath.
d{yyyy-MM-dd} === [restartedMain] === WARN  === o.s.b.a.t.ThymeleafAutoConfiguration$DefaultTemplateResolverConfiguration === Cannot find template location: classpath:/templates/ (please add some templates or check your Thymeleaf configuration)
d{yyyy-MM-dd} === [restartedMain] === WARN  === o.s.b.d.autoconfigure.OptionalLiveReloadServer === Unable to start LiveReload server
d{yyyy-MM-dd} === [restartedMain] === INFO  === o.s.cloud.netflix.eureka.InstanceInfoFactory === Setting initial instance status as: STARTING
d{yyyy-MM-dd} === [restartedMain] === INFO  === com.netflix.discovery.DiscoveryClient === Initializing Eureka in region us-east-1
d{yyyy-MM-dd} === [restartedMain] === INFO  === c.n.discovery.provider.DiscoveryJerseyProvider === Using JSON encoding codec LegacyJacksonJson
d{yyyy-MM-dd} === [restartedMain] === INFO  === c.n.discovery.provider.DiscoveryJerseyProvider === Using JSON decoding codec LegacyJacksonJson
d{yyyy-MM-dd} === [restartedMain] === INFO  === c.n.discovery.provider.DiscoveryJerseyProvider === Using XML encoding codec XStreamXml
d{yyyy-MM-dd} === [restartedMain] === INFO  === c.n.discovery.provider.DiscoveryJerseyProvider === Using XML decoding codec XStreamXml
d{yyyy-MM-dd} === [restartedMain] === INFO  === c.n.d.shared.resolver.aws.ConfigClusterResolver === Resolving eureka endpoints via configuration
d{yyyy-MM-dd} === [restartedMain] === INFO  === com.netflix.discovery.DiscoveryClient === Disable delta property : false
d{yyyy-MM-dd} === [restartedMain] === INFO  === com.netflix.discovery.DiscoveryClient === Single vip registry refresh property : null
d{yyyy-MM-dd} === [restartedMain] === INFO  === com.netflix.discovery.DiscoveryClient === Force full registry fetch : false
d{yyyy-MM-dd} === [restartedMain] === INFO  === com.netflix.discovery.DiscoveryClient === Application is null : false
d{yyyy-MM-dd} === [restartedMain] === INFO  === com.netflix.discovery.DiscoveryClient === Registered Applications size is zero : true
d{yyyy-MM-dd} === [restartedMain] === INFO  === com.netflix.discovery.DiscoveryClient === Application version is -1: true
d{yyyy-MM-dd} === [restartedMain] === INFO  === com.netflix.discovery.DiscoveryClient === Getting all instance registry info from the eureka server
d{yyyy-MM-dd} === [restartedMain] === INFO  === com.netflix.discovery.DiscoveryClient === The response status is 200
d{yyyy-MM-dd} === [restartedMain] === INFO  === com.netflix.discovery.DiscoveryClient === Starting heartbeat executor: renew interval is: 30
d{yyyy-MM-dd} === [restartedMain] === INFO  === com.netflix.discovery.InstanceInfoReplicator === InstanceInfoReplicator onDemand update allowed rate per min is 4
d{yyyy-MM-dd} === [restartedMain] === INFO  === com.netflix.discovery.DiscoveryClient === Discovery Client initialized at timestamp 1581000668447 with initial instances count: 0
d{yyyy-MM-dd} === [restartedMain] === INFO  === o.s.c.n.e.serviceregistry.EurekaServiceRegistry === Registering application GULI-PAYMENT with eureka with status UP
d{yyyy-MM-dd} === [restartedMain] === INFO  === com.netflix.discovery.DiscoveryClient === Saw local status change event StatusChangeEvent [timestamp=1581000668452, current=UP, previous=STARTING]
d{yyyy-MM-dd} === [DiscoveryClient-InstanceInfoReplicator-0] === INFO  === com.netflix.discovery.DiscoveryClient === DiscoveryClient_GULI-PAYMENT/page-8001: registering service...
d{yyyy-MM-dd} === [restartedMain] === INFO  === com.charlie.ApplicationPayment === Started ApplicationPayment in 2.677 seconds (JVM running for 3.222)
d{yyyy-MM-dd} === [Thread-9] === INFO  === o.s.c.n.e.serviceregistry.EurekaServiceRegistry === Unregistering application GULI-PAYMENT with eureka with status DOWN
d{yyyy-MM-dd} === [Thread-9] === WARN  === com.netflix.discovery.DiscoveryClient === Saw local status change event StatusChangeEvent [timestamp=1581000668475, current=DOWN, previous=UP]
d{yyyy-MM-dd} === [Thread-9] === INFO  === com.netflix.discovery.DiscoveryClient === Shutting down DiscoveryClient ...
d{yyyy-MM-dd} === [DiscoveryClient-InstanceInfoReplicator-0] === INFO  === com.netflix.discovery.DiscoveryClient === DiscoveryClient_GULI-PAYMENT/page-8001 - registration status: 204
d{yyyy-MM-dd} === [DiscoveryClient-InstanceInfoReplicator-0] === INFO  === com.netflix.discovery.DiscoveryClient === DiscoveryClient_GULI-PAYMENT/page-8001: registering service...
d{yyyy-MM-dd} === [DiscoveryClient-InstanceInfoReplicator-0] === INFO  === com.netflix.discovery.DiscoveryClient === DiscoveryClient_GULI-PAYMENT/page-8001 - registration status: 204
d{yyyy-MM-dd} === [Thread-9] === INFO  === com.netflix.discovery.DiscoveryClient === Unregistering ...
d{yyyy-MM-dd} === [Thread-9] === INFO  === com.netflix.discovery.DiscoveryClient === DiscoveryClient_GULI-PAYMENT/page-8001 - deregister  status: 200
d{yyyy-MM-dd} === [Thread-9] === INFO  === com.netflix.discovery.DiscoveryClient === Completed shut down of DiscoveryClient
d{yyyy-MM-dd} === [restartedMain] === INFO  === com.charlie.ApplicationPayment === No active profile set, falling back to default profiles: default
d{yyyy-MM-dd} === [restartedMain] === INFO  === o.springframework.cloud.context.scope.GenericScope === BeanFactory id=78a703e9-2710-3baf-a758-880dae922c1d
d{yyyy-MM-dd} === [restartedMain] === INFO  === o.s.c.s.PostProcessorRegistrationDelegate$BeanPostProcessorChecker === Bean 'org.springframework.cloud.autoconfigure.ConfigurationPropertiesRebinderAutoConfiguration' of type [org.springframework.cloud.autoconfigure.ConfigurationPropertiesRebinderAutoConfiguration$$EnhancerBySpringCGLIB$$fc28efe] is not eligible for getting processed by all BeanPostProcessors (for example: not eligible for auto-proxying)
d{yyyy-MM-dd} === [restartedMain] === WARN  === com.netflix.config.sources.URLConfigurationSource === No URLs will be polled as dynamic configuration sources.
d{yyyy-MM-dd} === [restartedMain] === INFO  === com.netflix.config.sources.URLConfigurationSource === To enable URLs as dynamic configuration sources, define System property archaius.configurationSource.additionalUrls or make config.properties available on classpath.
d{yyyy-MM-dd} === [restartedMain] === WARN  === com.netflix.config.sources.URLConfigurationSource === No URLs will be polled as dynamic configuration sources.
d{yyyy-MM-dd} === [restartedMain] === INFO  === com.netflix.config.sources.URLConfigurationSource === To enable URLs as dynamic configuration sources, define System property archaius.configurationSource.additionalUrls or make config.properties available on classpath.
d{yyyy-MM-dd} === [restartedMain] === WARN  === o.s.b.a.t.ThymeleafAutoConfiguration$DefaultTemplateResolverConfiguration === Cannot find template location: classpath:/templates/ (please add some templates or check your Thymeleaf configuration)
d{yyyy-MM-dd} === [restartedMain] === WARN  === o.s.b.d.autoconfigure.OptionalLiveReloadServer === Unable to start LiveReload server
d{yyyy-MM-dd} === [restartedMain] === INFO  === o.s.cloud.netflix.eureka.InstanceInfoFactory === Setting initial instance status as: STARTING
d{yyyy-MM-dd} === [restartedMain] === INFO  === com.netflix.discovery.DiscoveryClient === Initializing Eureka in region us-east-1
d{yyyy-MM-dd} === [restartedMain] === INFO  === c.n.discovery.provider.DiscoveryJerseyProvider === Using JSON encoding codec LegacyJacksonJson
d{yyyy-MM-dd} === [restartedMain] === INFO  === c.n.discovery.provider.DiscoveryJerseyProvider === Using JSON decoding codec LegacyJacksonJson
d{yyyy-MM-dd} === [restartedMain] === INFO  === c.n.discovery.provider.DiscoveryJerseyProvider === Using XML encoding codec XStreamXml
d{yyyy-MM-dd} === [restartedMain] === INFO  === c.n.discovery.provider.DiscoveryJerseyProvider === Using XML decoding codec XStreamXml
d{yyyy-MM-dd} === [restartedMain] === INFO  === c.n.d.shared.resolver.aws.ConfigClusterResolver === Resolving eureka endpoints via configuration
d{yyyy-MM-dd} === [restartedMain] === INFO  === com.netflix.discovery.DiscoveryClient === Disable delta property : false
d{yyyy-MM-dd} === [restartedMain] === INFO  === com.netflix.discovery.DiscoveryClient === Single vip registry refresh property : null
d{yyyy-MM-dd} === [restartedMain] === INFO  === com.netflix.discovery.DiscoveryClient === Force full registry fetch : false
d{yyyy-MM-dd} === [restartedMain] === INFO  === com.netflix.discovery.DiscoveryClient === Application is null : false
d{yyyy-MM-dd} === [restartedMain] === INFO  === com.netflix.discovery.DiscoveryClient === Registered Applications size is zero : true
d{yyyy-MM-dd} === [restartedMain] === INFO  === com.netflix.discovery.DiscoveryClient === Application version is -1: true
d{yyyy-MM-dd} === [restartedMain] === INFO  === com.netflix.discovery.DiscoveryClient === Getting all instance registry info from the eureka server
d{yyyy-MM-dd} === [restartedMain] === INFO  === com.netflix.discovery.DiscoveryClient === The response status is 200
d{yyyy-MM-dd} === [restartedMain] === INFO  === com.netflix.discovery.DiscoveryClient === Starting heartbeat executor: renew interval is: 30
d{yyyy-MM-dd} === [restartedMain] === INFO  === com.netflix.discovery.InstanceInfoReplicator === InstanceInfoReplicator onDemand update allowed rate per min is 4
d{yyyy-MM-dd} === [restartedMain] === INFO  === com.netflix.discovery.DiscoveryClient === Discovery Client initialized at timestamp 1581000780396 with initial instances count: 0
d{yyyy-MM-dd} === [restartedMain] === INFO  === o.s.c.n.e.serviceregistry.EurekaServiceRegistry === Registering application GULI-PAYMENT with eureka with status UP
d{yyyy-MM-dd} === [restartedMain] === INFO  === com.netflix.discovery.DiscoveryClient === Saw local status change event StatusChangeEvent [timestamp=1581000780399, current=UP, previous=STARTING]
d{yyyy-MM-dd} === [DiscoveryClient-InstanceInfoReplicator-0] === INFO  === com.netflix.discovery.DiscoveryClient === DiscoveryClient_GULI-PAYMENT/page-8002: registering service...
d{yyyy-MM-dd} === [restartedMain] === INFO  === com.charlie.ApplicationPayment === Started ApplicationPayment in 2.463 seconds (JVM running for 3.133)
d{yyyy-MM-dd} === [Thread-9] === INFO  === o.s.c.n.e.serviceregistry.EurekaServiceRegistry === Unregistering application GULI-PAYMENT with eureka with status DOWN
d{yyyy-MM-dd} === [Thread-9] === WARN  === com.netflix.discovery.DiscoveryClient === Saw local status change event StatusChangeEvent [timestamp=1581000780415, current=DOWN, previous=UP]
d{yyyy-MM-dd} === [Thread-9] === INFO  === com.netflix.discovery.DiscoveryClient === Shutting down DiscoveryClient ...
d{yyyy-MM-dd} === [DiscoveryClient-InstanceInfoReplicator-0] === INFO  === com.netflix.discovery.DiscoveryClient === DiscoveryClient_GULI-PAYMENT/page-8002 - registration status: 204
d{yyyy-MM-dd} === [DiscoveryClient-InstanceInfoReplicator-0] === INFO  === com.netflix.discovery.DiscoveryClient === DiscoveryClient_GULI-PAYMENT/page-8002: registering service...
d{yyyy-MM-dd} === [DiscoveryClient-InstanceInfoReplicator-0] === INFO  === com.netflix.discovery.DiscoveryClient === DiscoveryClient_GULI-PAYMENT/page-8002 - registration status: 204
d{yyyy-MM-dd} === [Thread-9] === INFO  === com.netflix.discovery.DiscoveryClient === Unregistering ...
d{yyyy-MM-dd} === [Thread-9] === INFO  === com.netflix.discovery.DiscoveryClient === DiscoveryClient_GULI-PAYMENT/page-8002 - deregister  status: 200
d{yyyy-MM-dd} === [Thread-9] === INFO  === com.netflix.discovery.DiscoveryClient === Completed shut down of DiscoveryClient
d{yyyy-MM-dd} === [restartedMain] === INFO  === com.charlie.ApplicationPayment === No active profile set, falling back to default profiles: default
d{yyyy-MM-dd} === [restartedMain] === INFO  === o.springframework.cloud.context.scope.GenericScope === BeanFactory id=7759a6f0-75a9-3f2a-92b3-2ef6b5cc9907
d{yyyy-MM-dd} === [restartedMain] === INFO  === o.s.c.s.PostProcessorRegistrationDelegate$BeanPostProcessorChecker === Bean 'org.springframework.cloud.autoconfigure.ConfigurationPropertiesRebinderAutoConfiguration' of type [org.springframework.cloud.autoconfigure.ConfigurationPropertiesRebinderAutoConfiguration$$EnhancerBySpringCGLIB$$7a3f273b] is not eligible for getting processed by all BeanPostProcessors (for example: not eligible for auto-proxying)
d{yyyy-MM-dd} === [restartedMain] === WARN  === com.netflix.config.sources.URLConfigurationSource === No URLs will be polled as dynamic configuration sources.
d{yyyy-MM-dd} === [restartedMain] === INFO  === com.netflix.config.sources.URLConfigurationSource === To enable URLs as dynamic configuration sources, define System property archaius.configurationSource.additionalUrls or make config.properties available on classpath.
d{yyyy-MM-dd} === [restartedMain] === WARN  === com.netflix.config.sources.URLConfigurationSource === No URLs will be polled as dynamic configuration sources.
d{yyyy-MM-dd} === [restartedMain] === INFO  === com.netflix.config.sources.URLConfigurationSource === To enable URLs as dynamic configuration sources, define System property archaius.configurationSource.additionalUrls or make config.properties available on classpath.
d{yyyy-MM-dd} === [restartedMain] === WARN  === o.s.b.a.t.ThymeleafAutoConfiguration$DefaultTemplateResolverConfiguration === Cannot find template location: classpath:/templates/ (please add some templates or check your Thymeleaf configuration)
d{yyyy-MM-dd} === [restartedMain] === WARN  === o.s.b.d.autoconfigure.OptionalLiveReloadServer === Unable to start LiveReload server
d{yyyy-MM-dd} === [restartedMain] === INFO  === com.charlie.ApplicationPayment === Started ApplicationPayment in 1.436 seconds (JVM running for 2.018)
d{yyyy-MM-dd} === [restartedMain] === INFO  === com.charlie.ApplicationPayment === No active profile set, falling back to default profiles: default
d{yyyy-MM-dd} === [restartedMain] === INFO  === o.springframework.cloud.context.scope.GenericScope === BeanFactory id=7759a6f0-75a9-3f2a-92b3-2ef6b5cc9907
d{yyyy-MM-dd} === [restartedMain] === INFO  === o.s.c.s.PostProcessorRegistrationDelegate$BeanPostProcessorChecker === Bean 'org.springframework.cloud.autoconfigure.ConfigurationPropertiesRebinderAutoConfiguration' of type [org.springframework.cloud.autoconfigure.ConfigurationPropertiesRebinderAutoConfiguration$$EnhancerBySpringCGLIB$$65a357] is not eligible for getting processed by all BeanPostProcessors (for example: not eligible for auto-proxying)
d{yyyy-MM-dd} === [restartedMain] === WARN  === com.netflix.config.sources.URLConfigurationSource === No URLs will be polled as dynamic configuration sources.
d{yyyy-MM-dd} === [restartedMain] === INFO  === com.netflix.config.sources.URLConfigurationSource === To enable URLs as dynamic configuration sources, define System property archaius.configurationSource.additionalUrls or make config.properties available on classpath.
d{yyyy-MM-dd} === [restartedMain] === WARN  === com.netflix.config.sources.URLConfigurationSource === No URLs will be polled as dynamic configuration sources.
d{yyyy-MM-dd} === [restartedMain] === INFO  === com.netflix.config.sources.URLConfigurationSource === To enable URLs as dynamic configuration sources, define System property archaius.configurationSource.additionalUrls or make config.properties available on classpath.
d{yyyy-MM-dd} === [restartedMain] === WARN  === o.s.b.a.t.ThymeleafAutoConfiguration$DefaultTemplateResolverConfiguration === Cannot find template location: classpath:/templates/ (please add some templates or check your Thymeleaf configuration)
d{yyyy-MM-dd} === [restartedMain] === WARN  === o.s.b.d.autoconfigure.OptionalLiveReloadServer === Unable to start LiveReload server
d{yyyy-MM-dd} === [restartedMain] === INFO  === com.charlie.ApplicationPayment === Started ApplicationPayment in 1.427 seconds (JVM running for 1.992)
d{yyyy-MM-dd} === [restartedMain] === INFO  === com.charlie.ApplicationPayment === No active profile set, falling back to default profiles: default
d{yyyy-MM-dd} === [restartedMain] === INFO  === o.springframework.cloud.context.scope.GenericScope === BeanFactory id=cabfea47-5f99-30d1-9e4c-1d11f4ecf7ec
d{yyyy-MM-dd} === [restartedMain] === INFO  === o.s.c.s.PostProcessorRegistrationDelegate$BeanPostProcessorChecker === Bean 'org.springframework.cloud.autoconfigure.ConfigurationPropertiesRebinderAutoConfiguration' of type [org.springframework.cloud.autoconfigure.ConfigurationPropertiesRebinderAutoConfiguration$$EnhancerBySpringCGLIB$$c3c9001d] is not eligible for getting processed by all BeanPostProcessors (for example: not eligible for auto-proxying)
d{yyyy-MM-dd} === [restartedMain] === INFO  === o.s.boot.web.embedded.tomcat.TomcatWebServer === Tomcat initialized with port(s): 8002 (http)
d{yyyy-MM-dd} === [restartedMain] === INFO  === org.apache.catalina.core.StandardService === Starting service [Tomcat]
d{yyyy-MM-dd} === [restartedMain] === INFO  === org.apache.catalina.core.StandardEngine === Starting Servlet engine: [Apache Tomcat/9.0.21]
d{yyyy-MM-dd} === [restartedMain] === INFO  === o.a.c.core.ContainerBase.[Tomcat].[localhost].[/] === Initializing Spring embedded WebApplicationContext
d{yyyy-MM-dd} === [restartedMain] === INFO  === org.springframework.web.context.ContextLoader === Root WebApplicationContext: initialization completed in 1082 ms
d{yyyy-MM-dd} === [restartedMain] === WARN  === com.netflix.config.sources.URLConfigurationSource === No URLs will be polled as dynamic configuration sources.
d{yyyy-MM-dd} === [restartedMain] === INFO  === com.netflix.config.sources.URLConfigurationSource === To enable URLs as dynamic configuration sources, define System property archaius.configurationSource.additionalUrls or make config.properties available on classpath.
d{yyyy-MM-dd} === [restartedMain] === WARN  === com.netflix.config.sources.URLConfigurationSource === No URLs will be polled as dynamic configuration sources.
d{yyyy-MM-dd} === [restartedMain] === INFO  === com.netflix.config.sources.URLConfigurationSource === To enable URLs as dynamic configuration sources, define System property archaius.configurationSource.additionalUrls or make config.properties available on classpath.
d{yyyy-MM-dd} === [restartedMain] === INFO  === o.s.scheduling.concurrent.ThreadPoolTaskExecutor === Initializing ExecutorService 'applicationTaskExecutor'
d{yyyy-MM-dd} === [restartedMain] === WARN  === o.s.b.a.t.ThymeleafAutoConfiguration$DefaultTemplateResolverConfiguration === Cannot find template location: classpath:/templates/ (please add some templates or check your Thymeleaf configuration)
d{yyyy-MM-dd} === [restartedMain] === WARN  === o.s.b.d.autoconfigure.OptionalLiveReloadServer === Unable to start LiveReload server
d{yyyy-MM-dd} === [restartedMain] === INFO  === o.s.cloud.netflix.eureka.InstanceInfoFactory === Setting initial instance status as: STARTING
d{yyyy-MM-dd} === [restartedMain] === INFO  === com.netflix.discovery.DiscoveryClient === Initializing Eureka in region us-east-1
d{yyyy-MM-dd} === [restartedMain] === INFO  === c.n.discovery.provider.DiscoveryJerseyProvider === Using JSON encoding codec LegacyJacksonJson
d{yyyy-MM-dd} === [restartedMain] === INFO  === c.n.discovery.provider.DiscoveryJerseyProvider === Using JSON decoding codec LegacyJacksonJson
d{yyyy-MM-dd} === [restartedMain] === INFO  === c.n.discovery.provider.DiscoveryJerseyProvider === Using XML encoding codec XStreamXml
d{yyyy-MM-dd} === [restartedMain] === INFO  === c.n.discovery.provider.DiscoveryJerseyProvider === Using XML decoding codec XStreamXml
d{yyyy-MM-dd} === [restartedMain] === INFO  === c.n.d.shared.resolver.aws.ConfigClusterResolver === Resolving eureka endpoints via configuration
d{yyyy-MM-dd} === [restartedMain] === INFO  === com.netflix.discovery.DiscoveryClient === Disable delta property : false
d{yyyy-MM-dd} === [restartedMain] === INFO  === com.netflix.discovery.DiscoveryClient === Single vip registry refresh property : null
d{yyyy-MM-dd} === [restartedMain] === INFO  === com.netflix.discovery.DiscoveryClient === Force full registry fetch : false
d{yyyy-MM-dd} === [restartedMain] === INFO  === com.netflix.discovery.DiscoveryClient === Application is null : false
d{yyyy-MM-dd} === [restartedMain] === INFO  === com.netflix.discovery.DiscoveryClient === Registered Applications size is zero : true
d{yyyy-MM-dd} === [restartedMain] === INFO  === com.netflix.discovery.DiscoveryClient === Application version is -1: true
d{yyyy-MM-dd} === [restartedMain] === INFO  === com.netflix.discovery.DiscoveryClient === Getting all instance registry info from the eureka server
d{yyyy-MM-dd} === [restartedMain] === INFO  === com.netflix.discovery.DiscoveryClient === The response status is 200
d{yyyy-MM-dd} === [restartedMain] === INFO  === com.netflix.discovery.DiscoveryClient === Starting heartbeat executor: renew interval is: 30
d{yyyy-MM-dd} === [restartedMain] === INFO  === com.netflix.discovery.InstanceInfoReplicator === InstanceInfoReplicator onDemand update allowed rate per min is 4
d{yyyy-MM-dd} === [restartedMain] === INFO  === com.netflix.discovery.DiscoveryClient === Discovery Client initialized at timestamp 1581001744755 with initial instances count: 0
d{yyyy-MM-dd} === [restartedMain] === INFO  === o.s.c.n.e.serviceregistry.EurekaServiceRegistry === Registering application GULI-PAYMENT with eureka with status UP
d{yyyy-MM-dd} === [restartedMain] === INFO  === com.netflix.discovery.DiscoveryClient === Saw local status change event StatusChangeEvent [timestamp=1581001744757, current=UP, previous=STARTING]
d{yyyy-MM-dd} === [DiscoveryClient-InstanceInfoReplicator-0] === INFO  === com.netflix.discovery.DiscoveryClient === DiscoveryClient_GULI-PAYMENT/page-8002: registering service...
d{yyyy-MM-dd} === [restartedMain] === INFO  === o.s.boot.web.embedded.tomcat.TomcatWebServer === Tomcat started on port(s): 8002 (http) with context path ''
d{yyyy-MM-dd} === [restartedMain] === INFO  === o.s.c.n.e.s.EurekaAutoServiceRegistration === Updating port to 8002
d{yyyy-MM-dd} === [restartedMain] === INFO  === com.charlie.ApplicationPayment === Started ApplicationPayment in 3.563 seconds (JVM running for 4.187)
d{yyyy-MM-dd} === [DiscoveryClient-InstanceInfoReplicator-0] === INFO  === com.netflix.discovery.DiscoveryClient === DiscoveryClient_GULI-PAYMENT/page-8002 - registration status: 204
d{yyyy-MM-dd} === [RMI TCP Connection(2)-127.0.0.1] === INFO  === o.s.b.a.SpringApplicationAdminMXBeanRegistrar$SpringApplicationAdmin === Application shutdown requested.
d{yyyy-MM-dd} === [RMI TCP Connection(2)-127.0.0.1] === INFO  === o.s.c.n.e.serviceregistry.EurekaServiceRegistry === Unregistering application GULI-PAYMENT with eureka with status DOWN
d{yyyy-MM-dd} === [RMI TCP Connection(2)-127.0.0.1] === WARN  === com.netflix.discovery.DiscoveryClient === Saw local status change event StatusChangeEvent [timestamp=1581001768913, current=DOWN, previous=UP]
d{yyyy-MM-dd} === [DiscoveryClient-InstanceInfoReplicator-0] === INFO  === com.netflix.discovery.DiscoveryClient === DiscoveryClient_GULI-PAYMENT/page-8002: registering service...
d{yyyy-MM-dd} === [RMI TCP Connection(2)-127.0.0.1] === INFO  === o.s.scheduling.concurrent.ThreadPoolTaskExecutor === Shutting down ExecutorService 'applicationTaskExecutor'
d{yyyy-MM-dd} === [RMI TCP Connection(2)-127.0.0.1] === INFO  === com.netflix.discovery.DiscoveryClient === Shutting down DiscoveryClient ...
d{yyyy-MM-dd} === [restartedMain] === INFO  === com.charlie.ApplicationPayment === No active profile set, falling back to default profiles: default
d{yyyy-MM-dd} === [restartedMain] === INFO  === o.springframework.cloud.context.scope.GenericScope === BeanFactory id=cabfea47-5f99-30d1-9e4c-1d11f4ecf7ec
d{yyyy-MM-dd} === [restartedMain] === INFO  === o.s.c.s.PostProcessorRegistrationDelegate$BeanPostProcessorChecker === Bean 'org.springframework.cloud.autoconfigure.ConfigurationPropertiesRebinderAutoConfiguration' of type [org.springframework.cloud.autoconfigure.ConfigurationPropertiesRebinderAutoConfiguration$$EnhancerBySpringCGLIB$$5a64a78f] is not eligible for getting processed by all BeanPostProcessors (for example: not eligible for auto-proxying)
d{yyyy-MM-dd} === [restartedMain] === INFO  === o.s.boot.web.embedded.tomcat.TomcatWebServer === Tomcat initialized with port(s): 8002 (http)
d{yyyy-MM-dd} === [restartedMain] === INFO  === org.apache.catalina.core.StandardService === Starting service [Tomcat]
d{yyyy-MM-dd} === [restartedMain] === INFO  === org.apache.catalina.core.StandardEngine === Starting Servlet engine: [Apache Tomcat/9.0.21]
d{yyyy-MM-dd} === [restartedMain] === INFO  === o.a.c.core.ContainerBase.[Tomcat].[localhost].[/] === Initializing Spring embedded WebApplicationContext
d{yyyy-MM-dd} === [restartedMain] === INFO  === org.springframework.web.context.ContextLoader === Root WebApplicationContext: initialization completed in 1104 ms
d{yyyy-MM-dd} === [restartedMain] === WARN  === com.netflix.config.sources.URLConfigurationSource === No URLs will be polled as dynamic configuration sources.
d{yyyy-MM-dd} === [restartedMain] === INFO  === com.netflix.config.sources.URLConfigurationSource === To enable URLs as dynamic configuration sources, define System property archaius.configurationSource.additionalUrls or make config.properties available on classpath.
d{yyyy-MM-dd} === [restartedMain] === WARN  === com.netflix.config.sources.URLConfigurationSource === No URLs will be polled as dynamic configuration sources.
d{yyyy-MM-dd} === [restartedMain] === INFO  === com.netflix.config.sources.URLConfigurationSource === To enable URLs as dynamic configuration sources, define System property archaius.configurationSource.additionalUrls or make config.properties available on classpath.
d{yyyy-MM-dd} === [restartedMain] === INFO  === o.s.scheduling.concurrent.ThreadPoolTaskExecutor === Initializing ExecutorService 'applicationTaskExecutor'
d{yyyy-MM-dd} === [restartedMain] === WARN  === o.s.b.a.t.ThymeleafAutoConfiguration$DefaultTemplateResolverConfiguration === Cannot find template location: classpath:/templates/ (please add some templates or check your Thymeleaf configuration)
d{yyyy-MM-dd} === [restartedMain] === WARN  === o.s.b.d.autoconfigure.OptionalLiveReloadServer === Unable to start LiveReload server
d{yyyy-MM-dd} === [restartedMain] === INFO  === o.s.cloud.netflix.eureka.InstanceInfoFactory === Setting initial instance status as: STARTING
d{yyyy-MM-dd} === [restartedMain] === INFO  === com.netflix.discovery.DiscoveryClient === Initializing Eureka in region us-east-1
d{yyyy-MM-dd} === [restartedMain] === INFO  === c.n.discovery.provider.DiscoveryJerseyProvider === Using JSON encoding codec LegacyJacksonJson
d{yyyy-MM-dd} === [restartedMain] === INFO  === c.n.discovery.provider.DiscoveryJerseyProvider === Using JSON decoding codec LegacyJacksonJson
d{yyyy-MM-dd} === [restartedMain] === INFO  === c.n.discovery.provider.DiscoveryJerseyProvider === Using XML encoding codec XStreamXml
d{yyyy-MM-dd} === [restartedMain] === INFO  === c.n.discovery.provider.DiscoveryJerseyProvider === Using XML decoding codec XStreamXml
d{yyyy-MM-dd} === [restartedMain] === INFO  === c.n.d.shared.resolver.aws.ConfigClusterResolver === Resolving eureka endpoints via configuration
d{yyyy-MM-dd} === [restartedMain] === INFO  === com.netflix.discovery.DiscoveryClient === Disable delta property : false
d{yyyy-MM-dd} === [restartedMain] === INFO  === com.netflix.discovery.DiscoveryClient === Single vip registry refresh property : null
d{yyyy-MM-dd} === [restartedMain] === INFO  === com.netflix.discovery.DiscoveryClient === Force full registry fetch : false
d{yyyy-MM-dd} === [restartedMain] === INFO  === com.netflix.discovery.DiscoveryClient === Application is null : false
d{yyyy-MM-dd} === [restartedMain] === INFO  === com.netflix.discovery.DiscoveryClient === Registered Applications size is zero : true
d{yyyy-MM-dd} === [restartedMain] === INFO  === com.netflix.discovery.DiscoveryClient === Application version is -1: true
d{yyyy-MM-dd} === [restartedMain] === INFO  === com.netflix.discovery.DiscoveryClient === Getting all instance registry info from the eureka server
d{yyyy-MM-dd} === [restartedMain] === INFO  === com.netflix.discovery.DiscoveryClient === The response status is 200
d{yyyy-MM-dd} === [restartedMain] === INFO  === com.netflix.discovery.DiscoveryClient === Starting heartbeat executor: renew interval is: 30
d{yyyy-MM-dd} === [restartedMain] === INFO  === com.netflix.discovery.InstanceInfoReplicator === InstanceInfoReplicator onDemand update allowed rate per min is 4
d{yyyy-MM-dd} === [restartedMain] === INFO  === com.netflix.discovery.DiscoveryClient === Discovery Client initialized at timestamp 1581001888027 with initial instances count: 0
d{yyyy-MM-dd} === [restartedMain] === INFO  === o.s.c.n.e.serviceregistry.EurekaServiceRegistry === Registering application GULI-PAYMENT with eureka with status UP
d{yyyy-MM-dd} === [restartedMain] === INFO  === com.netflix.discovery.DiscoveryClient === Saw local status change event StatusChangeEvent [timestamp=1581001888030, current=UP, previous=STARTING]
d{yyyy-MM-dd} === [DiscoveryClient-InstanceInfoReplicator-0] === INFO  === com.netflix.discovery.DiscoveryClient === DiscoveryClient_GULI-PAYMENT/page-8002: registering service...
d{yyyy-MM-dd} === [restartedMain] === INFO  === o.s.boot.web.embedded.tomcat.TomcatWebServer === Tomcat started on port(s): 8002 (http) with context path ''
d{yyyy-MM-dd} === [restartedMain] === INFO  === o.s.c.n.e.s.EurekaAutoServiceRegistration === Updating port to 8002
d{yyyy-MM-dd} === [restartedMain] === INFO  === com.charlie.ApplicationPayment === Started ApplicationPayment in 3.514 seconds (JVM running for 4.043)
d{yyyy-MM-dd} === [DiscoveryClient-InstanceInfoReplicator-0] === INFO  === com.netflix.discovery.DiscoveryClient === DiscoveryClient_GULI-PAYMENT/page-8002 - registration status: 204
d{yyyy-MM-dd} === [http-nio-8002-exec-1] === INFO  === o.a.c.core.ContainerBase.[Tomcat].[localhost].[/] === Initializing Spring DispatcherServlet 'dispatcherServlet'
d{yyyy-MM-dd} === [http-nio-8002-exec-1] === INFO  === org.springframework.web.servlet.DispatcherServlet === Initializing Servlet 'dispatcherServlet'
d{yyyy-MM-dd} === [http-nio-8002-exec-1] === INFO  === org.springframework.web.servlet.DispatcherServlet === Completed initialization in 6 ms
d{yyyy-MM-dd} === [DiscoveryClient-CacheRefreshExecutor-0] === INFO  === com.netflix.discovery.DiscoveryClient === Disable delta property : false
d{yyyy-MM-dd} === [DiscoveryClient-CacheRefreshExecutor-0] === INFO  === com.netflix.discovery.DiscoveryClient === Single vip registry refresh property : null
d{yyyy-MM-dd} === [DiscoveryClient-CacheRefreshExecutor-0] === INFO  === com.netflix.discovery.DiscoveryClient === Force full registry fetch : false
d{yyyy-MM-dd} === [DiscoveryClient-CacheRefreshExecutor-0] === INFO  === com.netflix.discovery.DiscoveryClient === Application is null : false
d{yyyy-MM-dd} === [DiscoveryClient-CacheRefreshExecutor-0] === INFO  === com.netflix.discovery.DiscoveryClient === Registered Applications size is zero : true
d{yyyy-MM-dd} === [DiscoveryClient-CacheRefreshExecutor-0] === INFO  === com.netflix.discovery.DiscoveryClient === Application version is -1: false
d{yyyy-MM-dd} === [DiscoveryClient-CacheRefreshExecutor-0] === INFO  === com.netflix.discovery.DiscoveryClient === Getting all instance registry info from the eureka server
d{yyyy-MM-dd} === [DiscoveryClient-CacheRefreshExecutor-0] === INFO  === com.netflix.discovery.DiscoveryClient === The response status is 200
d{yyyy-MM-dd} === [RMI TCP Connection(2)-127.0.0.1] === INFO  === o.s.b.a.SpringApplicationAdminMXBeanRegistrar$SpringApplicationAdmin === Application shutdown requested.
d{yyyy-MM-dd} === [RMI TCP Connection(2)-127.0.0.1] === INFO  === o.s.c.n.e.serviceregistry.EurekaServiceRegistry === Unregistering application GULI-PAYMENT with eureka with status DOWN
d{yyyy-MM-dd} === [RMI TCP Connection(2)-127.0.0.1] === WARN  === com.netflix.discovery.DiscoveryClient === Saw local status change event StatusChangeEvent [timestamp=1581001928715, current=DOWN, previous=UP]
d{yyyy-MM-dd} === [DiscoveryClient-InstanceInfoReplicator-0] === INFO  === com.netflix.discovery.DiscoveryClient === DiscoveryClient_GULI-PAYMENT/page-8002: registering service...
d{yyyy-MM-dd} === [RMI TCP Connection(2)-127.0.0.1] === INFO  === o.s.scheduling.concurrent.ThreadPoolTaskExecutor === Shutting down ExecutorService 'applicationTaskExecutor'
d{yyyy-MM-dd} === [RMI TCP Connection(2)-127.0.0.1] === INFO  === com.netflix.discovery.DiscoveryClient === Shutting down DiscoveryClient ...
d{yyyy-MM-dd} === [DiscoveryClient-InstanceInfoReplicator-0] === INFO  === com.netflix.discovery.DiscoveryClient === DiscoveryClient_GULI-PAYMENT/page-8002 - registration status: 204
d{yyyy-MM-dd} === [RMI TCP Connection(2)-127.0.0.1] === INFO  === com.netflix.discovery.DiscoveryClient === Unregistering ...
d{yyyy-MM-dd} === [RMI TCP Connection(2)-127.0.0.1] === INFO  === com.netflix.discovery.DiscoveryClient === DiscoveryClient_GULI-PAYMENT/page-8002 - deregister  status: 200
d{yyyy-MM-dd} === [RMI TCP Connection(2)-127.0.0.1] === INFO  === com.netflix.discovery.DiscoveryClient === Completed shut down of DiscoveryClient
d{yyyy-MM-dd} === [RMI TCP Connection(2)-127.0.0.1] === INFO  === org.apache.catalina.core.StandardService === Stopping service [Tomcat]
d{yyyy-MM-dd} === [RMI TCP Connection(2)-127.0.0.1] === INFO  === o.a.c.core.ContainerBase.[Tomcat].[localhost].[/] === Destroying Spring FrameworkServlet 'dispatcherServlet'
d{yyyy-MM-dd} === [restartedMain] === INFO  === com.charlie.ApplicationPayment === No active profile set, falling back to default profiles: default
d{yyyy-MM-dd} === [restartedMain] === INFO  === o.springframework.cloud.context.scope.GenericScope === BeanFactory id=27f90153-9030-3d88-a85f-02c4bf1b3f58
d{yyyy-MM-dd} === [restartedMain] === INFO  === o.s.c.s.PostProcessorRegistrationDelegate$BeanPostProcessorChecker === Bean 'org.springframework.cloud.autoconfigure.ConfigurationPropertiesRebinderAutoConfiguration' of type [org.springframework.cloud.autoconfigure.ConfigurationPropertiesRebinderAutoConfiguration$$EnhancerBySpringCGLIB$$4358604e] is not eligible for getting processed by all BeanPostProcessors (for example: not eligible for auto-proxying)
d{yyyy-MM-dd} === [restartedMain] === INFO  === o.s.boot.web.embedded.tomcat.TomcatWebServer === Tomcat initialized with port(s): 8002 (http)
d{yyyy-MM-dd} === [restartedMain] === INFO  === org.apache.catalina.core.StandardService === Starting service [Tomcat]
d{yyyy-MM-dd} === [restartedMain] === INFO  === org.apache.catalina.core.StandardEngine === Starting Servlet engine: [Apache Tomcat/9.0.21]
d{yyyy-MM-dd} === [restartedMain] === INFO  === o.a.c.core.ContainerBase.[Tomcat].[localhost].[/] === Initializing Spring embedded WebApplicationContext
d{yyyy-MM-dd} === [restartedMain] === INFO  === org.springframework.web.context.ContextLoader === Root WebApplicationContext: initialization completed in 1123 ms
d{yyyy-MM-dd} === [restartedMain] === WARN  === com.netflix.config.sources.URLConfigurationSource === No URLs will be polled as dynamic configuration sources.
d{yyyy-MM-dd} === [restartedMain] === INFO  === com.netflix.config.sources.URLConfigurationSource === To enable URLs as dynamic configuration sources, define System property archaius.configurationSource.additionalUrls or make config.properties available on classpath.
d{yyyy-MM-dd} === [restartedMain] === WARN  === com.netflix.config.sources.URLConfigurationSource === No URLs will be polled as dynamic configuration sources.
d{yyyy-MM-dd} === [restartedMain] === INFO  === com.netflix.config.sources.URLConfigurationSource === To enable URLs as dynamic configuration sources, define System property archaius.configurationSource.additionalUrls or make config.properties available on classpath.
d{yyyy-MM-dd} === [restartedMain] === INFO  === o.s.scheduling.concurrent.ThreadPoolTaskExecutor === Initializing ExecutorService 'applicationTaskExecutor'
d{yyyy-MM-dd} === [restartedMain] === INFO  === o.s.b.a.web.servlet.WelcomePageHandlerMapping === Adding welcome page template: index
d{yyyy-MM-dd} === [restartedMain] === WARN  === o.s.b.d.autoconfigure.OptionalLiveReloadServer === Unable to start LiveReload server
d{yyyy-MM-dd} === [restartedMain] === INFO  === o.s.cloud.netflix.eureka.InstanceInfoFactory === Setting initial instance status as: STARTING
d{yyyy-MM-dd} === [restartedMain] === INFO  === com.netflix.discovery.DiscoveryClient === Initializing Eureka in region us-east-1
d{yyyy-MM-dd} === [restartedMain] === INFO  === c.n.discovery.provider.DiscoveryJerseyProvider === Using JSON encoding codec LegacyJacksonJson
d{yyyy-MM-dd} === [restartedMain] === INFO  === c.n.discovery.provider.DiscoveryJerseyProvider === Using JSON decoding codec LegacyJacksonJson
d{yyyy-MM-dd} === [restartedMain] === INFO  === c.n.discovery.provider.DiscoveryJerseyProvider === Using XML encoding codec XStreamXml
d{yyyy-MM-dd} === [restartedMain] === INFO  === c.n.discovery.provider.DiscoveryJerseyProvider === Using XML decoding codec XStreamXml
d{yyyy-MM-dd} === [restartedMain] === INFO  === c.n.d.shared.resolver.aws.ConfigClusterResolver === Resolving eureka endpoints via configuration
d{yyyy-MM-dd} === [restartedMain] === INFO  === com.netflix.discovery.DiscoveryClient === Disable delta property : false
d{yyyy-MM-dd} === [restartedMain] === INFO  === com.netflix.discovery.DiscoveryClient === Single vip registry refresh property : null
d{yyyy-MM-dd} === [restartedMain] === INFO  === com.netflix.discovery.DiscoveryClient === Force full registry fetch : false
d{yyyy-MM-dd} === [restartedMain] === INFO  === com.netflix.discovery.DiscoveryClient === Application is null : false
d{yyyy-MM-dd} === [restartedMain] === INFO  === com.netflix.discovery.DiscoveryClient === Registered Applications size is zero : true
d{yyyy-MM-dd} === [restartedMain] === INFO  === com.netflix.discovery.DiscoveryClient === Application version is -1: true
d{yyyy-MM-dd} === [restartedMain] === INFO  === com.netflix.discovery.DiscoveryClient === Getting all instance registry info from the eureka server
d{yyyy-MM-dd} === [restartedMain] === INFO  === com.netflix.discovery.DiscoveryClient === The response status is 200
d{yyyy-MM-dd} === [restartedMain] === INFO  === com.netflix.discovery.DiscoveryClient === Starting heartbeat executor: renew interval is: 30
d{yyyy-MM-dd} === [restartedMain] === INFO  === com.netflix.discovery.InstanceInfoReplicator === InstanceInfoReplicator onDemand update allowed rate per min is 4
d{yyyy-MM-dd} === [restartedMain] === INFO  === com.netflix.discovery.DiscoveryClient === Discovery Client initialized at timestamp 1581003646347 with initial instances count: 0
d{yyyy-MM-dd} === [restartedMain] === INFO  === o.s.c.n.e.serviceregistry.EurekaServiceRegistry === Registering application GULI-PAYMENT with eureka with status UP
d{yyyy-MM-dd} === [restartedMain] === INFO  === com.netflix.discovery.DiscoveryClient === Saw local status change event StatusChangeEvent [timestamp=1581003646350, current=UP, previous=STARTING]
d{yyyy-MM-dd} === [DiscoveryClient-InstanceInfoReplicator-0] === INFO  === com.netflix.discovery.DiscoveryClient === DiscoveryClient_GULI-PAYMENT/guli-8002: registering service...
d{yyyy-MM-dd} === [restartedMain] === INFO  === o.s.boot.web.embedded.tomcat.TomcatWebServer === Tomcat started on port(s): 8002 (http) with context path ''
d{yyyy-MM-dd} === [restartedMain] === INFO  === o.s.c.n.e.s.EurekaAutoServiceRegistration === Updating port to 8002
d{yyyy-MM-dd} === [restartedMain] === INFO  === com.charlie.ApplicationPayment === Started ApplicationPayment in 3.546 seconds (JVM running for 4.105)
d{yyyy-MM-dd} === [DiscoveryClient-InstanceInfoReplicator-0] === INFO  === com.netflix.discovery.DiscoveryClient === DiscoveryClient_GULI-PAYMENT/guli-8002 - registration status: 204
d{yyyy-MM-dd} === [DiscoveryClient-CacheRefreshExecutor-0] === INFO  === com.netflix.discovery.DiscoveryClient === Disable delta property : false
d{yyyy-MM-dd} === [DiscoveryClient-CacheRefreshExecutor-0] === INFO  === com.netflix.discovery.DiscoveryClient === Single vip registry refresh property : null
d{yyyy-MM-dd} === [DiscoveryClient-CacheRefreshExecutor-0] === INFO  === com.netflix.discovery.DiscoveryClient === Force full registry fetch : false
d{yyyy-MM-dd} === [DiscoveryClient-CacheRefreshExecutor-0] === INFO  === com.netflix.discovery.DiscoveryClient === Application is null : false
d{yyyy-MM-dd} === [DiscoveryClient-CacheRefreshExecutor-0] === INFO  === com.netflix.discovery.DiscoveryClient === Registered Applications size is zero : true
d{yyyy-MM-dd} === [DiscoveryClient-CacheRefreshExecutor-0] === INFO  === com.netflix.discovery.DiscoveryClient === Application version is -1: false
d{yyyy-MM-dd} === [DiscoveryClient-CacheRefreshExecutor-0] === INFO  === com.netflix.discovery.DiscoveryClient === Getting all instance registry info from the eureka server
d{yyyy-MM-dd} === [DiscoveryClient-CacheRefreshExecutor-0] === INFO  === com.netflix.discovery.DiscoveryClient === The response status is 200
d{yyyy-MM-dd} === [http-nio-8002-exec-1] === INFO  === o.a.c.core.ContainerBase.[Tomcat].[localhost].[/] === Initializing Spring DispatcherServlet 'dispatcherServlet'
d{yyyy-MM-dd} === [http-nio-8002-exec-1] === INFO  === org.springframework.web.servlet.DispatcherServlet === Initializing Servlet 'dispatcherServlet'
d{yyyy-MM-dd} === [http-nio-8002-exec-1] === INFO  === org.springframework.web.servlet.DispatcherServlet === Completed initialization in 8 ms
d{yyyy-MM-dd} === [RMI TCP Connection(2)-127.0.0.1] === INFO  === o.s.b.a.SpringApplicationAdminMXBeanRegistrar$SpringApplicationAdmin === Application shutdown requested.
d{yyyy-MM-dd} === [RMI TCP Connection(2)-127.0.0.1] === INFO  === o.s.c.n.e.serviceregistry.EurekaServiceRegistry === Unregistering application GULI-PAYMENT with eureka with status DOWN
d{yyyy-MM-dd} === [RMI TCP Connection(2)-127.0.0.1] === WARN  === com.netflix.discovery.DiscoveryClient === Saw local status change event StatusChangeEvent [timestamp=1581003687769, current=DOWN, previous=UP]
d{yyyy-MM-dd} === [RMI TCP Connection(2)-127.0.0.1] === INFO  === o.s.scheduling.concurrent.ThreadPoolTaskExecutor === Shutting down ExecutorService 'applicationTaskExecutor'
d{yyyy-MM-dd} === [RMI TCP Connection(2)-127.0.0.1] === INFO  === com.netflix.discovery.DiscoveryClient === Shutting down DiscoveryClient ...
d{yyyy-MM-dd} === [DiscoveryClient-InstanceInfoReplicator-0] === INFO  === com.netflix.discovery.DiscoveryClient === DiscoveryClient_GULI-PAYMENT/guli-8002: registering service...
d{yyyy-MM-dd} === [DiscoveryClient-InstanceInfoReplicator-0] === INFO  === com.netflix.discovery.DiscoveryClient === DiscoveryClient_GULI-PAYMENT/guli-8002 - registration status: 204
d{yyyy-MM-dd} === [RMI TCP Connection(2)-127.0.0.1] === INFO  === com.netflix.discovery.DiscoveryClient === Unregistering ...
d{yyyy-MM-dd} === [restartedMain] === INFO  === com.charlie.ApplicationPayment === No active profile set, falling back to default profiles: default
d{yyyy-MM-dd} === [restartedMain] === INFO  === o.springframework.cloud.context.scope.GenericScope === BeanFactory id=27f90153-9030-3d88-a85f-02c4bf1b3f58
d{yyyy-MM-dd} === [restartedMain] === INFO  === o.s.c.s.PostProcessorRegistrationDelegate$BeanPostProcessorChecker === Bean 'org.springframework.cloud.autoconfigure.ConfigurationPropertiesRebinderAutoConfiguration' of type [org.springframework.cloud.autoconfigure.ConfigurationPropertiesRebinderAutoConfiguration$$EnhancerBySpringCGLIB$$95192953] is not eligible for getting processed by all BeanPostProcessors (for example: not eligible for auto-proxying)
d{yyyy-MM-dd} === [restartedMain] === INFO  === o.s.boot.web.embedded.tomcat.TomcatWebServer === Tomcat initialized with port(s): 8002 (http)
d{yyyy-MM-dd} === [restartedMain] === INFO  === org.apache.catalina.core.StandardService === Starting service [Tomcat]
d{yyyy-MM-dd} === [restartedMain] === INFO  === org.apache.catalina.core.StandardEngine === Starting Servlet engine: [Apache Tomcat/9.0.21]
d{yyyy-MM-dd} === [restartedMain] === INFO  === o.a.c.core.ContainerBase.[Tomcat].[localhost].[/] === Initializing Spring embedded WebApplicationContext
d{yyyy-MM-dd} === [restartedMain] === INFO  === org.springframework.web.context.ContextLoader === Root WebApplicationContext: initialization completed in 1218 ms
d{yyyy-MM-dd} === [restartedMain] === WARN  === com.netflix.config.sources.URLConfigurationSource === No URLs will be polled as dynamic configuration sources.
d{yyyy-MM-dd} === [restartedMain] === INFO  === com.netflix.config.sources.URLConfigurationSource === To enable URLs as dynamic configuration sources, define System property archaius.configurationSource.additionalUrls or make config.properties available on classpath.
d{yyyy-MM-dd} === [restartedMain] === WARN  === com.netflix.config.sources.URLConfigurationSource === No URLs will be polled as dynamic configuration sources.
d{yyyy-MM-dd} === [restartedMain] === INFO  === com.netflix.config.sources.URLConfigurationSource === To enable URLs as dynamic configuration sources, define System property archaius.configurationSource.additionalUrls or make config.properties available on classpath.
d{yyyy-MM-dd} === [restartedMain] === INFO  === o.s.scheduling.concurrent.ThreadPoolTaskExecutor === Initializing ExecutorService 'applicationTaskExecutor'
d{yyyy-MM-dd} === [restartedMain] === INFO  === o.s.b.a.web.servlet.WelcomePageHandlerMapping === Adding welcome page template: index
d{yyyy-MM-dd} === [restartedMain] === WARN  === o.s.b.d.autoconfigure.OptionalLiveReloadServer === Unable to start LiveReload server
d{yyyy-MM-dd} === [restartedMain] === INFO  === o.s.cloud.netflix.eureka.InstanceInfoFactory === Setting initial instance status as: STARTING
d{yyyy-MM-dd} === [restartedMain] === INFO  === com.netflix.discovery.DiscoveryClient === Initializing Eureka in region us-east-1
d{yyyy-MM-dd} === [restartedMain] === INFO  === c.n.discovery.provider.DiscoveryJerseyProvider === Using JSON encoding codec LegacyJacksonJson
d{yyyy-MM-dd} === [restartedMain] === INFO  === c.n.discovery.provider.DiscoveryJerseyProvider === Using JSON decoding codec LegacyJacksonJson
d{yyyy-MM-dd} === [restartedMain] === INFO  === c.n.discovery.provider.DiscoveryJerseyProvider === Using XML encoding codec XStreamXml
d{yyyy-MM-dd} === [restartedMain] === INFO  === c.n.discovery.provider.DiscoveryJerseyProvider === Using XML decoding codec XStreamXml
d{yyyy-MM-dd} === [restartedMain] === INFO  === c.n.d.shared.resolver.aws.ConfigClusterResolver === Resolving eureka endpoints via configuration
d{yyyy-MM-dd} === [restartedMain] === INFO  === com.netflix.discovery.DiscoveryClient === Disable delta property : false
d{yyyy-MM-dd} === [restartedMain] === INFO  === com.netflix.discovery.DiscoveryClient === Single vip registry refresh property : null
d{yyyy-MM-dd} === [restartedMain] === INFO  === com.netflix.discovery.DiscoveryClient === Force full registry fetch : false
d{yyyy-MM-dd} === [restartedMain] === INFO  === com.netflix.discovery.DiscoveryClient === Application is null : false
d{yyyy-MM-dd} === [restartedMain] === INFO  === com.netflix.discovery.DiscoveryClient === Registered Applications size is zero : true
d{yyyy-MM-dd} === [restartedMain] === INFO  === com.netflix.discovery.DiscoveryClient === Application version is -1: true
d{yyyy-MM-dd} === [restartedMain] === INFO  === com.netflix.discovery.DiscoveryClient === Getting all instance registry info from the eureka server
d{yyyy-MM-dd} === [restartedMain] === INFO  === com.netflix.discovery.DiscoveryClient === The response status is 200
d{yyyy-MM-dd} === [restartedMain] === INFO  === com.netflix.discovery.DiscoveryClient === Starting heartbeat executor: renew interval is: 30
d{yyyy-MM-dd} === [restartedMain] === INFO  === com.netflix.discovery.InstanceInfoReplicator === InstanceInfoReplicator onDemand update allowed rate per min is 4
d{yyyy-MM-dd} === [restartedMain] === INFO  === com.netflix.discovery.DiscoveryClient === Discovery Client initialized at timestamp 1581003849784 with initial instances count: 0
d{yyyy-MM-dd} === [restartedMain] === INFO  === o.s.c.n.e.serviceregistry.EurekaServiceRegistry === Registering application GULI-PAYMENT with eureka with status UP
d{yyyy-MM-dd} === [restartedMain] === INFO  === com.netflix.discovery.DiscoveryClient === Saw local status change event StatusChangeEvent [timestamp=1581003849787, current=UP, previous=STARTING]
d{yyyy-MM-dd} === [DiscoveryClient-InstanceInfoReplicator-0] === INFO  === com.netflix.discovery.DiscoveryClient === DiscoveryClient_GULI-PAYMENT/guli-8002: registering service...
d{yyyy-MM-dd} === [restartedMain] === INFO  === o.s.boot.web.embedded.tomcat.TomcatWebServer === Tomcat started on port(s): 8002 (http) with context path ''
d{yyyy-MM-dd} === [restartedMain] === INFO  === o.s.c.n.e.s.EurekaAutoServiceRegistration === Updating port to 8002
d{yyyy-MM-dd} === [restartedMain] === INFO  === com.charlie.ApplicationPayment === Started ApplicationPayment in 3.915 seconds (JVM running for 4.496)
d{yyyy-MM-dd} === [DiscoveryClient-InstanceInfoReplicator-0] === INFO  === com.netflix.discovery.DiscoveryClient === DiscoveryClient_GULI-PAYMENT/guli-8002 - registration status: 204
d{yyyy-MM-dd} === [DiscoveryClient-CacheRefreshExecutor-0] === INFO  === com.netflix.discovery.DiscoveryClient === Disable delta property : false
d{yyyy-MM-dd} === [DiscoveryClient-CacheRefreshExecutor-0] === INFO  === com.netflix.discovery.DiscoveryClient === Single vip registry refresh property : null
d{yyyy-MM-dd} === [DiscoveryClient-CacheRefreshExecutor-0] === INFO  === com.netflix.discovery.DiscoveryClient === Force full registry fetch : false
d{yyyy-MM-dd} === [DiscoveryClient-CacheRefreshExecutor-0] === INFO  === com.netflix.discovery.DiscoveryClient === Application is null : false
d{yyyy-MM-dd} === [DiscoveryClient-CacheRefreshExecutor-0] === INFO  === com.netflix.discovery.DiscoveryClient === Registered Applications size is zero : true
d{yyyy-MM-dd} === [DiscoveryClient-CacheRefreshExecutor-0] === INFO  === com.netflix.discovery.DiscoveryClient === Application version is -1: false
d{yyyy-MM-dd} === [DiscoveryClient-CacheRefreshExecutor-0] === INFO  === com.netflix.discovery.DiscoveryClient === Getting all instance registry info from the eureka server
d{yyyy-MM-dd} === [DiscoveryClient-CacheRefreshExecutor-0] === INFO  === com.netflix.discovery.DiscoveryClient === The response status is 200
d{yyyy-MM-dd} === [http-nio-8002-exec-1] === INFO  === o.a.c.core.ContainerBase.[Tomcat].[localhost].[/] === Initializing Spring DispatcherServlet 'dispatcherServlet'
d{yyyy-MM-dd} === [http-nio-8002-exec-1] === INFO  === org.springframework.web.servlet.DispatcherServlet === Initializing Servlet 'dispatcherServlet'
d{yyyy-MM-dd} === [http-nio-8002-exec-1] === INFO  === org.springframework.web.servlet.DispatcherServlet === Completed initialization in 9 ms
d{yyyy-MM-dd} === [AsyncResolver-bootstrap-executor-0] === INFO  === c.n.d.shared.resolver.aws.ConfigClusterResolver === Resolving eureka endpoints via configuration
d{yyyy-MM-dd} === [RMI TCP Connection(2)-127.0.0.1] === INFO  === o.s.b.a.SpringApplicationAdminMXBeanRegistrar$SpringApplicationAdmin === Application shutdown requested.
d{yyyy-MM-dd} === [RMI TCP Connection(2)-127.0.0.1] === INFO  === o.s.c.n.e.serviceregistry.EurekaServiceRegistry === Unregistering application GULI-PAYMENT with eureka with status DOWN
d{yyyy-MM-dd} === [RMI TCP Connection(2)-127.0.0.1] === WARN  === com.netflix.discovery.DiscoveryClient === Saw local status change event StatusChangeEvent [timestamp=1581004177165, current=DOWN, previous=UP]
d{yyyy-MM-dd} === [DiscoveryClient-InstanceInfoReplicator-0] === INFO  === com.netflix.discovery.DiscoveryClient === DiscoveryClient_GULI-PAYMENT/guli-8002: registering service...
d{yyyy-MM-dd} === [RMI TCP Connection(2)-127.0.0.1] === INFO  === o.s.scheduling.concurrent.ThreadPoolTaskExecutor === Shutting down ExecutorService 'applicationTaskExecutor'
d{yyyy-MM-dd} === [RMI TCP Connection(2)-127.0.0.1] === INFO  === com.netflix.discovery.DiscoveryClient === Shutting down DiscoveryClient ...
d{yyyy-MM-dd} === [DiscoveryClient-InstanceInfoReplicator-0] === INFO  === com.netflix.discovery.DiscoveryClient === DiscoveryClient_GULI-PAYMENT/guli-8002 - registration status: 204
d{yyyy-MM-dd} === [RMI TCP Connection(2)-127.0.0.1] === INFO  === com.netflix.discovery.DiscoveryClient === Unregistering ...
d{yyyy-MM-dd} === [RMI TCP Connection(2)-127.0.0.1] === INFO  === com.netflix.discovery.DiscoveryClient === DiscoveryClient_GULI-PAYMENT/guli-8002 - deregister  status: 200
d{yyyy-MM-dd} === [RMI TCP Connection(2)-127.0.0.1] === INFO  === com.netflix.discovery.DiscoveryClient === Completed shut down of DiscoveryClient
d{yyyy-MM-dd} === [RMI TCP Connection(2)-127.0.0.1] === INFO  === org.apache.catalina.core.StandardService === Stopping service [Tomcat]
d{yyyy-MM-dd} === [RMI TCP Connection(2)-127.0.0.1] === INFO  === o.a.c.core.ContainerBase.[Tomcat].[localhost].[/] === Destroying Spring FrameworkServlet 'dispatcherServlet'
d{yyyy-MM-dd} === [restartedMain] === INFO  === com.charlie.ApplicationPayment === No active profile set, falling back to default profiles: default
d{yyyy-MM-dd} === [restartedMain] === INFO  === o.springframework.cloud.context.scope.GenericScope === BeanFactory id=27f90153-9030-3d88-a85f-02c4bf1b3f58
d{yyyy-MM-dd} === [restartedMain] === INFO  === o.s.c.s.PostProcessorRegistrationDelegate$BeanPostProcessorChecker === Bean 'org.springframework.cloud.autoconfigure.ConfigurationPropertiesRebinderAutoConfiguration' of type [org.springframework.cloud.autoconfigure.ConfigurationPropertiesRebinderAutoConfiguration$$EnhancerBySpringCGLIB$$70f76412] is not eligible for getting processed by all BeanPostProcessors (for example: not eligible for auto-proxying)
d{yyyy-MM-dd} === [restartedMain] === INFO  === o.s.boot.web.embedded.tomcat.TomcatWebServer === Tomcat initialized with port(s): 8002 (http)
d{yyyy-MM-dd} === [restartedMain] === INFO  === org.apache.catalina.core.StandardService === Starting service [Tomcat]
d{yyyy-MM-dd} === [restartedMain] === INFO  === org.apache.catalina.core.StandardEngine === Starting Servlet engine: [Apache Tomcat/9.0.21]
d{yyyy-MM-dd} === [restartedMain] === INFO  === o.a.c.core.ContainerBase.[Tomcat].[localhost].[/] === Initializing Spring embedded WebApplicationContext
d{yyyy-MM-dd} === [restartedMain] === INFO  === org.springframework.web.context.ContextLoader === Root WebApplicationContext: initialization completed in 1108 ms
d{yyyy-MM-dd} === [restartedMain] === WARN  === com.netflix.config.sources.URLConfigurationSource === No URLs will be polled as dynamic configuration sources.
d{yyyy-MM-dd} === [restartedMain] === INFO  === com.netflix.config.sources.URLConfigurationSource === To enable URLs as dynamic configuration sources, define System property archaius.configurationSource.additionalUrls or make config.properties available on classpath.
d{yyyy-MM-dd} === [restartedMain] === WARN  === com.netflix.config.sources.URLConfigurationSource === No URLs will be polled as dynamic configuration sources.
d{yyyy-MM-dd} === [restartedMain] === INFO  === com.netflix.config.sources.URLConfigurationSource === To enable URLs as dynamic configuration sources, define System property archaius.configurationSource.additionalUrls or make config.properties available on classpath.
d{yyyy-MM-dd} === [restartedMain] === INFO  === o.s.scheduling.concurrent.ThreadPoolTaskExecutor === Initializing ExecutorService 'applicationTaskExecutor'
d{yyyy-MM-dd} === [restartedMain] === INFO  === o.s.b.a.web.servlet.WelcomePageHandlerMapping === Adding welcome page template: index
d{yyyy-MM-dd} === [restartedMain] === WARN  === o.s.b.d.autoconfigure.OptionalLiveReloadServer === Unable to start LiveReload server
d{yyyy-MM-dd} === [restartedMain] === INFO  === o.s.cloud.netflix.eureka.InstanceInfoFactory === Setting initial instance status as: STARTING
d{yyyy-MM-dd} === [restartedMain] === INFO  === com.netflix.discovery.DiscoveryClient === Initializing Eureka in region us-east-1
d{yyyy-MM-dd} === [restartedMain] === INFO  === c.n.discovery.provider.DiscoveryJerseyProvider === Using JSON encoding codec LegacyJacksonJson
d{yyyy-MM-dd} === [restartedMain] === INFO  === c.n.discovery.provider.DiscoveryJerseyProvider === Using JSON decoding codec LegacyJacksonJson
d{yyyy-MM-dd} === [restartedMain] === INFO  === c.n.discovery.provider.DiscoveryJerseyProvider === Using XML encoding codec XStreamXml
d{yyyy-MM-dd} === [restartedMain] === INFO  === c.n.discovery.provider.DiscoveryJerseyProvider === Using XML decoding codec XStreamXml
d{yyyy-MM-dd} === [restartedMain] === INFO  === c.n.d.shared.resolver.aws.ConfigClusterResolver === Resolving eureka endpoints via configuration
d{yyyy-MM-dd} === [restartedMain] === INFO  === com.netflix.discovery.DiscoveryClient === Disable delta property : false
d{yyyy-MM-dd} === [restartedMain] === INFO  === com.netflix.discovery.DiscoveryClient === Single vip registry refresh property : null
d{yyyy-MM-dd} === [restartedMain] === INFO  === com.netflix.discovery.DiscoveryClient === Force full registry fetch : false
d{yyyy-MM-dd} === [restartedMain] === INFO  === com.netflix.discovery.DiscoveryClient === Application is null : false
d{yyyy-MM-dd} === [restartedMain] === INFO  === com.netflix.discovery.DiscoveryClient === Registered Applications size is zero : true
d{yyyy-MM-dd} === [restartedMain] === INFO  === com.netflix.discovery.DiscoveryClient === Application version is -1: true
d{yyyy-MM-dd} === [restartedMain] === INFO  === com.netflix.discovery.DiscoveryClient === Getting all instance registry info from the eureka server
d{yyyy-MM-dd} === [restartedMain] === INFO  === com.netflix.discovery.DiscoveryClient === The response status is 200
d{yyyy-MM-dd} === [restartedMain] === INFO  === com.netflix.discovery.DiscoveryClient === Starting heartbeat executor: renew interval is: 30
d{yyyy-MM-dd} === [restartedMain] === INFO  === com.netflix.discovery.InstanceInfoReplicator === InstanceInfoReplicator onDemand update allowed rate per min is 4
d{yyyy-MM-dd} === [restartedMain] === INFO  === com.netflix.discovery.DiscoveryClient === Discovery Client initialized at timestamp 1581004593339 with initial instances count: 0
d{yyyy-MM-dd} === [restartedMain] === INFO  === o.s.c.n.e.serviceregistry.EurekaServiceRegistry === Registering application GULI-PAYMENT with eureka with status UP
d{yyyy-MM-dd} === [restartedMain] === INFO  === com.netflix.discovery.DiscoveryClient === Saw local status change event StatusChangeEvent [timestamp=1581004593342, current=UP, previous=STARTING]
d{yyyy-MM-dd} === [DiscoveryClient-InstanceInfoReplicator-0] === INFO  === com.netflix.discovery.DiscoveryClient === DiscoveryClient_GULI-PAYMENT/guli-8002: registering service...
d{yyyy-MM-dd} === [restartedMain] === INFO  === o.s.boot.web.embedded.tomcat.TomcatWebServer === Tomcat started on port(s): 8002 (http) with context path ''
d{yyyy-MM-dd} === [restartedMain] === INFO  === o.s.c.n.e.s.EurekaAutoServiceRegistration === Updating port to 8002
d{yyyy-MM-dd} === [restartedMain] === INFO  === com.charlie.ApplicationPayment === Started ApplicationPayment in 3.51 seconds (JVM running for 4.039)
d{yyyy-MM-dd} === [DiscoveryClient-InstanceInfoReplicator-0] === INFO  === com.netflix.discovery.DiscoveryClient === DiscoveryClient_GULI-PAYMENT/guli-8002 - registration status: 204
d{yyyy-MM-dd} === [http-nio-8002-exec-1] === INFO  === o.a.c.core.ContainerBase.[Tomcat].[localhost].[/] === Initializing Spring DispatcherServlet 'dispatcherServlet'
d{yyyy-MM-dd} === [http-nio-8002-exec-1] === INFO  === org.springframework.web.servlet.DispatcherServlet === Initializing Servlet 'dispatcherServlet'
d{yyyy-MM-dd} === [http-nio-8002-exec-1] === INFO  === org.springframework.web.servlet.DispatcherServlet === Completed initialization in 7 ms
d{yyyy-MM-dd} === [DiscoveryClient-CacheRefreshExecutor-0] === INFO  === com.netflix.discovery.DiscoveryClient === Disable delta property : false
d{yyyy-MM-dd} === [DiscoveryClient-CacheRefreshExecutor-0] === INFO  === com.netflix.discovery.DiscoveryClient === Single vip registry refresh property : null
d{yyyy-MM-dd} === [DiscoveryClient-CacheRefreshExecutor-0] === INFO  === com.netflix.discovery.DiscoveryClient === Force full registry fetch : false
d{yyyy-MM-dd} === [DiscoveryClient-CacheRefreshExecutor-0] === INFO  === com.netflix.discovery.DiscoveryClient === Application is null : false
d{yyyy-MM-dd} === [DiscoveryClient-CacheRefreshExecutor-0] === INFO  === com.netflix.discovery.DiscoveryClient === Registered Applications size is zero : true
d{yyyy-MM-dd} === [DiscoveryClient-CacheRefreshExecutor-0] === INFO  === com.netflix.discovery.DiscoveryClient === Application version is -1: false
d{yyyy-MM-dd} === [DiscoveryClient-CacheRefreshExecutor-0] === INFO  === com.netflix.discovery.DiscoveryClient === Getting all instance registry info from the eureka server
d{yyyy-MM-dd} === [DiscoveryClient-CacheRefreshExecutor-0] === INFO  === com.netflix.discovery.DiscoveryClient === The response status is 200
d{yyyy-MM-dd} === [RMI TCP Connection(2)-127.0.0.1] === INFO  === o.s.b.a.SpringApplicationAdminMXBeanRegistrar$SpringApplicationAdmin === Application shutdown requested.
d{yyyy-MM-dd} === [RMI TCP Connection(2)-127.0.0.1] === INFO  === o.s.c.n.e.serviceregistry.EurekaServiceRegistry === Unregistering application GULI-PAYMENT with eureka with status DOWN
d{yyyy-MM-dd} === [RMI TCP Connection(2)-127.0.0.1] === WARN  === com.netflix.discovery.DiscoveryClient === Saw local status change event StatusChangeEvent [timestamp=1581004641929, current=DOWN, previous=UP]
d{yyyy-MM-dd} === [DiscoveryClient-InstanceInfoReplicator-0] === INFO  === com.netflix.discovery.DiscoveryClient === DiscoveryClient_GULI-PAYMENT/guli-8002: registering service...
d{yyyy-MM-dd} === [RMI TCP Connection(2)-127.0.0.1] === INFO  === o.s.scheduling.concurrent.ThreadPoolTaskExecutor === Shutting down ExecutorService 'applicationTaskExecutor'
d{yyyy-MM-dd} === [DiscoveryClient-InstanceInfoReplicator-0] === INFO  === com.netflix.discovery.DiscoveryClient === DiscoveryClient_GULI-PAYMENT/guli-8002 - registration status: 204
d{yyyy-MM-dd} === [RMI TCP Connection(2)-127.0.0.1] === INFO  === com.netflix.discovery.DiscoveryClient === Shutting down DiscoveryClient ...
d{yyyy-MM-dd} === [RMI TCP Connection(2)-127.0.0.1] === INFO  === com.netflix.discovery.DiscoveryClient === Unregistering ...
d{yyyy-MM-dd} === [RMI TCP Connection(2)-127.0.0.1] === INFO  === com.netflix.discovery.DiscoveryClient === DiscoveryClient_GULI-PAYMENT/guli-8002 - deregister  status: 200
d{yyyy-MM-dd} === [RMI TCP Connection(2)-127.0.0.1] === INFO  === com.netflix.discovery.DiscoveryClient === Completed shut down of DiscoveryClient
d{yyyy-MM-dd} === [RMI TCP Connection(2)-127.0.0.1] === INFO  === org.apache.catalina.core.StandardService === Stopping service [Tomcat]
d{yyyy-MM-dd} === [RMI TCP Connection(2)-127.0.0.1] === INFO  === o.a.c.core.ContainerBase.[Tomcat].[localhost].[/] === Destroying Spring FrameworkServlet 'dispatcherServlet'
d{yyyy-MM-dd} === [restartedMain] === INFO  === com.charlie.ApplicationPayment === No active profile set, falling back to default profiles: default
d{yyyy-MM-dd} === [restartedMain] === INFO  === o.springframework.cloud.context.scope.GenericScope === BeanFactory id=27f90153-9030-3d88-a85f-02c4bf1b3f58
d{yyyy-MM-dd} === [restartedMain] === INFO  === o.s.c.s.PostProcessorRegistrationDelegate$BeanPostProcessorChecker === Bean 'org.springframework.cloud.autoconfigure.ConfigurationPropertiesRebinderAutoConfiguration' of type [org.springframework.cloud.autoconfigure.ConfigurationPropertiesRebinderAutoConfiguration$$EnhancerBySpringCGLIB$$888123ed] is not eligible for getting processed by all BeanPostProcessors (for example: not eligible for auto-proxying)
d{yyyy-MM-dd} === [restartedMain] === INFO  === o.s.boot.web.embedded.tomcat.TomcatWebServer === Tomcat initialized with port(s): 8002 (http)
d{yyyy-MM-dd} === [restartedMain] === INFO  === org.apache.catalina.core.StandardService === Starting service [Tomcat]
d{yyyy-MM-dd} === [restartedMain] === INFO  === org.apache.catalina.core.StandardEngine === Starting Servlet engine: [Apache Tomcat/9.0.21]
d{yyyy-MM-dd} === [restartedMain] === INFO  === o.a.c.core.ContainerBase.[Tomcat].[localhost].[/] === Initializing Spring embedded WebApplicationContext
d{yyyy-MM-dd} === [restartedMain] === INFO  === org.springframework.web.context.ContextLoader === Root WebApplicationContext: initialization completed in 1122 ms
d{yyyy-MM-dd} === [restartedMain] === WARN  === com.netflix.config.sources.URLConfigurationSource === No URLs will be polled as dynamic configuration sources.
d{yyyy-MM-dd} === [restartedMain] === INFO  === com.netflix.config.sources.URLConfigurationSource === To enable URLs as dynamic configuration sources, define System property archaius.configurationSource.additionalUrls or make config.properties available on classpath.
d{yyyy-MM-dd} === [restartedMain] === WARN  === com.netflix.config.sources.URLConfigurationSource === No URLs will be polled as dynamic configuration sources.
d{yyyy-MM-dd} === [restartedMain] === INFO  === com.netflix.config.sources.URLConfigurationSource === To enable URLs as dynamic configuration sources, define System property archaius.configurationSource.additionalUrls or make config.properties available on classpath.
d{yyyy-MM-dd} === [restartedMain] === INFO  === o.s.scheduling.concurrent.ThreadPoolTaskExecutor === Initializing ExecutorService 'applicationTaskExecutor'
d{yyyy-MM-dd} === [restartedMain] === INFO  === o.s.b.a.web.servlet.WelcomePageHandlerMapping === Adding welcome page template: index
d{yyyy-MM-dd} === [restartedMain] === WARN  === o.s.b.d.autoconfigure.OptionalLiveReloadServer === Unable to start LiveReload server
d{yyyy-MM-dd} === [restartedMain] === INFO  === o.s.cloud.netflix.eureka.InstanceInfoFactory === Setting initial instance status as: STARTING
d{yyyy-MM-dd} === [restartedMain] === INFO  === com.netflix.discovery.DiscoveryClient === Initializing Eureka in region us-east-1
d{yyyy-MM-dd} === [restartedMain] === INFO  === c.n.discovery.provider.DiscoveryJerseyProvider === Using JSON encoding codec LegacyJacksonJson
d{yyyy-MM-dd} === [restartedMain] === INFO  === c.n.discovery.provider.DiscoveryJerseyProvider === Using JSON decoding codec LegacyJacksonJson
d{yyyy-MM-dd} === [restartedMain] === INFO  === c.n.discovery.provider.DiscoveryJerseyProvider === Using XML encoding codec XStreamXml
d{yyyy-MM-dd} === [restartedMain] === INFO  === c.n.discovery.provider.DiscoveryJerseyProvider === Using XML decoding codec XStreamXml
d{yyyy-MM-dd} === [restartedMain] === INFO  === c.n.d.shared.resolver.aws.ConfigClusterResolver === Resolving eureka endpoints via configuration
d{yyyy-MM-dd} === [restartedMain] === INFO  === com.netflix.discovery.DiscoveryClient === Disable delta property : false
d{yyyy-MM-dd} === [restartedMain] === INFO  === com.netflix.discovery.DiscoveryClient === Single vip registry refresh property : null
d{yyyy-MM-dd} === [restartedMain] === INFO  === com.netflix.discovery.DiscoveryClient === Force full registry fetch : false
d{yyyy-MM-dd} === [restartedMain] === INFO  === com.netflix.discovery.DiscoveryClient === Application is null : false
d{yyyy-MM-dd} === [restartedMain] === INFO  === com.netflix.discovery.DiscoveryClient === Registered Applications size is zero : true
d{yyyy-MM-dd} === [restartedMain] === INFO  === com.netflix.discovery.DiscoveryClient === Application version is -1: true
d{yyyy-MM-dd} === [restartedMain] === INFO  === com.netflix.discovery.DiscoveryClient === Getting all instance registry info from the eureka server
d{yyyy-MM-dd} === [restartedMain] === INFO  === com.netflix.discovery.DiscoveryClient === The response status is 200
d{yyyy-MM-dd} === [restartedMain] === INFO  === com.netflix.discovery.DiscoveryClient === Starting heartbeat executor: renew interval is: 30
d{yyyy-MM-dd} === [restartedMain] === INFO  === com.netflix.discovery.InstanceInfoReplicator === InstanceInfoReplicator onDemand update allowed rate per min is 4
d{yyyy-MM-dd} === [restartedMain] === INFO  === com.netflix.discovery.DiscoveryClient === Discovery Client initialized at timestamp 1581004650334 with initial instances count: 0
d{yyyy-MM-dd} === [restartedMain] === INFO  === o.s.c.n.e.serviceregistry.EurekaServiceRegistry === Registering application GULI-PAYMENT with eureka with status UP
d{yyyy-MM-dd} === [restartedMain] === INFO  === com.netflix.discovery.DiscoveryClient === Saw local status change event StatusChangeEvent [timestamp=1581004650337, current=UP, previous=STARTING]
d{yyyy-MM-dd} === [DiscoveryClient-InstanceInfoReplicator-0] === INFO  === com.netflix.discovery.DiscoveryClient === DiscoveryClient_GULI-PAYMENT/guli-8002: registering service...
d{yyyy-MM-dd} === [restartedMain] === INFO  === o.s.boot.web.embedded.tomcat.TomcatWebServer === Tomcat started on port(s): 8002 (http) with context path ''
d{yyyy-MM-dd} === [restartedMain] === INFO  === o.s.c.n.e.s.EurekaAutoServiceRegistration === Updating port to 8002
d{yyyy-MM-dd} === [restartedMain] === INFO  === com.charlie.ApplicationPayment === Started ApplicationPayment in 3.416 seconds (JVM running for 3.946)
d{yyyy-MM-dd} === [DiscoveryClient-InstanceInfoReplicator-0] === INFO  === com.netflix.discovery.DiscoveryClient === DiscoveryClient_GULI-PAYMENT/guli-8002 - registration status: 204
d{yyyy-MM-dd} === [http-nio-8002-exec-1] === INFO  === o.a.c.core.ContainerBase.[Tomcat].[localhost].[/] === Initializing Spring DispatcherServlet 'dispatcherServlet'
d{yyyy-MM-dd} === [http-nio-8002-exec-1] === INFO  === org.springframework.web.servlet.DispatcherServlet === Initializing Servlet 'dispatcherServlet'
d{yyyy-MM-dd} === [http-nio-8002-exec-1] === INFO  === org.springframework.web.servlet.DispatcherServlet === Completed initialization in 6 ms
d{yyyy-MM-dd} === [DiscoveryClient-CacheRefreshExecutor-0] === INFO  === com.netflix.discovery.DiscoveryClient === Disable delta property : false
d{yyyy-MM-dd} === [DiscoveryClient-CacheRefreshExecutor-0] === INFO  === com.netflix.discovery.DiscoveryClient === Single vip registry refresh property : null
d{yyyy-MM-dd} === [DiscoveryClient-CacheRefreshExecutor-0] === INFO  === com.netflix.discovery.DiscoveryClient === Force full registry fetch : false
d{yyyy-MM-dd} === [DiscoveryClient-CacheRefreshExecutor-0] === INFO  === com.netflix.discovery.DiscoveryClient === Application is null : false
d{yyyy-MM-dd} === [DiscoveryClient-CacheRefreshExecutor-0] === INFO  === com.netflix.discovery.DiscoveryClient === Registered Applications size is zero : true
d{yyyy-MM-dd} === [DiscoveryClient-CacheRefreshExecutor-0] === INFO  === com.netflix.discovery.DiscoveryClient === Application version is -1: false
d{yyyy-MM-dd} === [DiscoveryClient-CacheRefreshExecutor-0] === INFO  === com.netflix.discovery.DiscoveryClient === Getting all instance registry info from the eureka server
d{yyyy-MM-dd} === [DiscoveryClient-CacheRefreshExecutor-0] === INFO  === com.netflix.discovery.DiscoveryClient === The response status is 200
d{yyyy-MM-dd} === [RMI TCP Connection(2)-127.0.0.1] === INFO  === o.s.b.a.SpringApplicationAdminMXBeanRegistrar$SpringApplicationAdmin === Application shutdown requested.
d{yyyy-MM-dd} === [RMI TCP Connection(2)-127.0.0.1] === INFO  === o.s.c.n.e.serviceregistry.EurekaServiceRegistry === Unregistering application GULI-PAYMENT with eureka with status DOWN
d{yyyy-MM-dd} === [RMI TCP Connection(2)-127.0.0.1] === WARN  === com.netflix.discovery.DiscoveryClient === Saw local status change event StatusChangeEvent [timestamp=1581004694024, current=DOWN, previous=UP]
d{yyyy-MM-dd} === [DiscoveryClient-InstanceInfoReplicator-0] === INFO  === com.netflix.discovery.DiscoveryClient === DiscoveryClient_GULI-PAYMENT/guli-8002: registering service...
d{yyyy-MM-dd} === [RMI TCP Connection(2)-127.0.0.1] === INFO  === o.s.scheduling.concurrent.ThreadPoolTaskExecutor === Shutting down ExecutorService 'applicationTaskExecutor'
d{yyyy-MM-dd} === [RMI TCP Connection(2)-127.0.0.1] === INFO  === com.netflix.discovery.DiscoveryClient === Shutting down DiscoveryClient ...
d{yyyy-MM-dd} === [DiscoveryClient-InstanceInfoReplicator-0] === INFO  === com.netflix.discovery.DiscoveryClient === DiscoveryClient_GULI-PAYMENT/guli-8002 - registration status: 204
d{yyyy-MM-dd} === [RMI TCP Connection(2)-127.0.0.1] === INFO  === com.netflix.discovery.DiscoveryClient === Unregistering ...
d{yyyy-MM-dd} === [RMI TCP Connection(2)-127.0.0.1] === INFO  === com.netflix.discovery.DiscoveryClient === DiscoveryClient_GULI-PAYMENT/guli-8002 - deregister  status: 200
d{yyyy-MM-dd} === [RMI TCP Connection(2)-127.0.0.1] === INFO  === com.netflix.discovery.DiscoveryClient === Completed shut down of DiscoveryClient
d{yyyy-MM-dd} === [RMI TCP Connection(2)-127.0.0.1] === INFO  === org.apache.catalina.core.StandardService === Stopping service [Tomcat]
d{yyyy-MM-dd} === [RMI TCP Connection(2)-127.0.0.1] === INFO  === o.a.c.core.ContainerBase.[Tomcat].[localhost].[/] === Destroying Spring FrameworkServlet 'dispatcherServlet'
d{yyyy-MM-dd} === [restartedMain] === INFO  === com.charlie.ApplicationPayment === No active profile set, falling back to default profiles: default
d{yyyy-MM-dd} === [restartedMain] === INFO  === o.springframework.cloud.context.scope.GenericScope === BeanFactory id=27f90153-9030-3d88-a85f-02c4bf1b3f58
d{yyyy-MM-dd} === [restartedMain] === INFO  === o.s.c.s.PostProcessorRegistrationDelegate$BeanPostProcessorChecker === Bean 'org.springframework.cloud.autoconfigure.ConfigurationPropertiesRebinderAutoConfiguration' of type [org.springframework.cloud.autoconfigure.ConfigurationPropertiesRebinderAutoConfiguration$$EnhancerBySpringCGLIB$$47e89de1] is not eligible for getting processed by all BeanPostProcessors (for example: not eligible for auto-proxying)
d{yyyy-MM-dd} === [restartedMain] === INFO  === o.s.boot.web.embedded.tomcat.TomcatWebServer === Tomcat initialized with port(s): 8002 (http)
d{yyyy-MM-dd} === [restartedMain] === INFO  === org.apache.catalina.core.StandardService === Starting service [Tomcat]
d{yyyy-MM-dd} === [restartedMain] === INFO  === org.apache.catalina.core.StandardEngine === Starting Servlet engine: [Apache Tomcat/9.0.21]
d{yyyy-MM-dd} === [restartedMain] === INFO  === o.a.c.core.ContainerBase.[Tomcat].[localhost].[/] === Initializing Spring embedded WebApplicationContext
d{yyyy-MM-dd} === [restartedMain] === INFO  === org.springframework.web.context.ContextLoader === Root WebApplicationContext: initialization completed in 1148 ms
d{yyyy-MM-dd} === [restartedMain] === WARN  === com.netflix.config.sources.URLConfigurationSource === No URLs will be polled as dynamic configuration sources.
d{yyyy-MM-dd} === [restartedMain] === INFO  === com.netflix.config.sources.URLConfigurationSource === To enable URLs as dynamic configuration sources, define System property archaius.configurationSource.additionalUrls or make config.properties available on classpath.
d{yyyy-MM-dd} === [restartedMain] === WARN  === com.netflix.config.sources.URLConfigurationSource === No URLs will be polled as dynamic configuration sources.
d{yyyy-MM-dd} === [restartedMain] === INFO  === com.netflix.config.sources.URLConfigurationSource === To enable URLs as dynamic configuration sources, define System property archaius.configurationSource.additionalUrls or make config.properties available on classpath.
d{yyyy-MM-dd} === [restartedMain] === INFO  === o.s.scheduling.concurrent.ThreadPoolTaskExecutor === Initializing ExecutorService 'applicationTaskExecutor'
d{yyyy-MM-dd} === [restartedMain] === INFO  === o.s.b.a.web.servlet.WelcomePageHandlerMapping === Adding welcome page template: index
d{yyyy-MM-dd} === [restartedMain] === WARN  === o.s.b.d.autoconfigure.OptionalLiveReloadServer === Unable to start LiveReload server
d{yyyy-MM-dd} === [restartedMain] === INFO  === o.s.cloud.netflix.eureka.InstanceInfoFactory === Setting initial instance status as: STARTING
d{yyyy-MM-dd} === [restartedMain] === INFO  === com.netflix.discovery.DiscoveryClient === Initializing Eureka in region us-east-1
d{yyyy-MM-dd} === [restartedMain] === INFO  === c.n.discovery.provider.DiscoveryJerseyProvider === Using JSON encoding codec LegacyJacksonJson
d{yyyy-MM-dd} === [restartedMain] === INFO  === c.n.discovery.provider.DiscoveryJerseyProvider === Using JSON decoding codec LegacyJacksonJson
d{yyyy-MM-dd} === [restartedMain] === INFO  === c.n.discovery.provider.DiscoveryJerseyProvider === Using XML encoding codec XStreamXml
d{yyyy-MM-dd} === [restartedMain] === INFO  === c.n.discovery.provider.DiscoveryJerseyProvider === Using XML decoding codec XStreamXml
d{yyyy-MM-dd} === [restartedMain] === INFO  === c.n.d.shared.resolver.aws.ConfigClusterResolver === Resolving eureka endpoints via configuration
d{yyyy-MM-dd} === [restartedMain] === INFO  === com.netflix.discovery.DiscoveryClient === Disable delta property : false
d{yyyy-MM-dd} === [restartedMain] === INFO  === com.netflix.discovery.DiscoveryClient === Single vip registry refresh property : null
d{yyyy-MM-dd} === [restartedMain] === INFO  === com.netflix.discovery.DiscoveryClient === Force full registry fetch : false
d{yyyy-MM-dd} === [restartedMain] === INFO  === com.netflix.discovery.DiscoveryClient === Application is null : false
d{yyyy-MM-dd} === [restartedMain] === INFO  === com.netflix.discovery.DiscoveryClient === Registered Applications size is zero : true
d{yyyy-MM-dd} === [restartedMain] === INFO  === com.netflix.discovery.DiscoveryClient === Application version is -1: true
d{yyyy-MM-dd} === [restartedMain] === INFO  === com.netflix.discovery.DiscoveryClient === Getting all instance registry info from the eureka server
d{yyyy-MM-dd} === [restartedMain] === INFO  === com.netflix.discovery.DiscoveryClient === The response status is 200
d{yyyy-MM-dd} === [restartedMain] === INFO  === com.netflix.discovery.DiscoveryClient === Starting heartbeat executor: renew interval is: 30
d{yyyy-MM-dd} === [restartedMain] === INFO  === com.netflix.discovery.InstanceInfoReplicator === InstanceInfoReplicator onDemand update allowed rate per min is 4
d{yyyy-MM-dd} === [restartedMain] === INFO  === com.netflix.discovery.DiscoveryClient === Discovery Client initialized at timestamp 1581004702842 with initial instances count: 1
d{yyyy-MM-dd} === [restartedMain] === INFO  === o.s.c.n.e.serviceregistry.EurekaServiceRegistry === Registering application GULI-PAYMENT with eureka with status UP
d{yyyy-MM-dd} === [restartedMain] === INFO  === com.netflix.discovery.DiscoveryClient === Saw local status change event StatusChangeEvent [timestamp=1581004702844, current=UP, previous=STARTING]
d{yyyy-MM-dd} === [DiscoveryClient-InstanceInfoReplicator-0] === INFO  === com.netflix.discovery.DiscoveryClient === DiscoveryClient_GULI-PAYMENT/guli-8002: registering service...
d{yyyy-MM-dd} === [DiscoveryClient-InstanceInfoReplicator-0] === INFO  === com.netflix.discovery.DiscoveryClient === DiscoveryClient_GULI-PAYMENT/guli-8002 - registration status: 204
d{yyyy-MM-dd} === [restartedMain] === INFO  === o.s.boot.web.embedded.tomcat.TomcatWebServer === Tomcat started on port(s): 8002 (http) with context path ''
d{yyyy-MM-dd} === [restartedMain] === INFO  === o.s.c.n.e.s.EurekaAutoServiceRegistration === Updating port to 8002
d{yyyy-MM-dd} === [restartedMain] === INFO  === com.charlie.ApplicationPayment === Started ApplicationPayment in 3.555 seconds (JVM running for 4.102)
d{yyyy-MM-dd} === [http-nio-8002-exec-1] === INFO  === o.a.c.core.ContainerBase.[Tomcat].[localhost].[/] === Initializing Spring DispatcherServlet 'dispatcherServlet'
d{yyyy-MM-dd} === [http-nio-8002-exec-1] === INFO  === org.springframework.web.servlet.DispatcherServlet === Initializing Servlet 'dispatcherServlet'
d{yyyy-MM-dd} === [http-nio-8002-exec-1] === INFO  === org.springframework.web.servlet.DispatcherServlet === Completed initialization in 6 ms
d{yyyy-MM-dd} === [RMI TCP Connection(2)-127.0.0.1] === INFO  === o.s.b.a.SpringApplicationAdminMXBeanRegistrar$SpringApplicationAdmin === Application shutdown requested.
d{yyyy-MM-dd} === [RMI TCP Connection(2)-127.0.0.1] === INFO  === o.s.c.n.e.serviceregistry.EurekaServiceRegistry === Unregistering application GULI-PAYMENT with eureka with status DOWN
d{yyyy-MM-dd} === [RMI TCP Connection(2)-127.0.0.1] === WARN  === com.netflix.discovery.DiscoveryClient === Saw local status change event StatusChangeEvent [timestamp=1581004713007, current=DOWN, previous=UP]
d{yyyy-MM-dd} === [DiscoveryClient-InstanceInfoReplicator-0] === INFO  === com.netflix.discovery.DiscoveryClient === DiscoveryClient_GULI-PAYMENT/guli-8002: registering service...
d{yyyy-MM-dd} === [RMI TCP Connection(2)-127.0.0.1] === INFO  === o.s.scheduling.concurrent.ThreadPoolTaskExecutor === Shutting down ExecutorService 'applicationTaskExecutor'
d{yyyy-MM-dd} === [DiscoveryClient-InstanceInfoReplicator-0] === INFO  === com.netflix.discovery.DiscoveryClient === DiscoveryClient_GULI-PAYMENT/guli-8002 - registration status: 204
d{yyyy-MM-dd} === [RMI TCP Connection(2)-127.0.0.1] === INFO  === com.netflix.discovery.DiscoveryClient === Shutting down DiscoveryClient ...
